2014-03-21 12:32:39,708 [Worker-7] INFO  o.e.m.c.i.l.LifecycleMappingFactory - Using org.eclipse.m2e.jdt.JarLifecycleMapping lifecycle mapping for MavenProject: com.despegar.finalproyect:minesweeper:0.0.1-SNAPSHOT @ C:\Jovenes Alto Vuelo\minesweeper\pom.xml.
2014-03-21 12:32:41,229 [Worker-8] INFO  o.e.m.c.i.l.LifecycleMappingFactory - Using org.eclipse.m2e.jdt.JarLifecycleMapping lifecycle mapping for MavenProject: com.despegar.finalproyect:minesweeper:0.0.1-SNAPSHOT @ C:\Jovenes Alto Vuelo\minesweeper\pom.xml.
2014-03-21 12:41:24,575 [main] INFO  o.e.m2e.actions.ExecutePomAction - Creating new launch configuration
2014-03-21 12:41:41,606 [Worker-8] INFO  o.e.m.i.launch.MavenLaunchDelegate - C:\Jovenes Alto Vuelo\minesweeper
2014-03-21 12:41:41,615 [Worker-8] INFO  o.e.m.i.launch.MavenLaunchDelegate -  mvn  -B -s C:\Users\admindesp\.m2\settings.xml 
2014-03-21 12:42:04,155 [main] INFO  o.e.m2e.actions.ExecutePomAction - Using existing launch configuration
2014-03-21 12:43:39,452 [main] INFO  o.e.m2e.actions.ExecutePomAction - Using existing launch configuration
2014-03-21 12:44:19,378 [main] INFO  o.e.m2e.actions.ExecutePomAction - Using existing launch configuration
2014-03-21 12:45:32,051 [Worker-5] INFO  o.e.m.i.launch.MavenLaunchDelegate - C:\Jovenes Alto Vuelo\minesweeper
2014-03-21 12:45:32,053 [Worker-5] INFO  o.e.m.i.launch.MavenLaunchDelegate -  mvn  -B -s C:\Users\admindesp\.m2\settings.xml compile
2014-03-21 12:45:53,605 [Worker-4] INFO  o.e.m.c.i.p.ProjectConfigurationManager - Update started
2014-03-21 12:45:53,791 [Worker-4] INFO  c.n.h.c.p.n.NettyAsyncHttpProvider - Number of application's worked threads is 8
2014-03-21 12:45:53,883 [New I/O client worker #1-1] INFO  o.e.m.c.i.e.AbstractTransferListenerAdapter - Downloading http://vmtilcara.servers.despegar.it/nexus/content/groups/proxies/org/apache/maven/plugins/maven-jar-plugin/2.3.2/maven-jar-plugin-2.3.2.jar
2014-03-21 12:45:53,898 [New I/O client worker #1-1] INFO  o.e.m.c.i.e.AbstractTransferListenerAdapter - Downloaded http://vmtilcara.servers.despegar.it/nexus/content/groups/proxies/org/apache/maven/plugins/maven-jar-plugin/2.3.2/maven-jar-plugin-2.3.2.jar
2014-03-21 12:45:54,634 [Worker-4] INFO  o.e.m.c.i.l.LifecycleMappingFactory - Using org.eclipse.m2e.jdt.JarLifecycleMapping lifecycle mapping for MavenProject: com.despegar.finalproyect:minesweeper:0.0.1-SNAPSHOT @ C:\Jovenes Alto Vuelo\minesweeper\pom.xml.
2014-03-21 12:45:54,710 [Worker-4] INFO  c.n.h.c.p.n.NettyAsyncHttpProvider - Number of application's worked threads is 8
2014-03-21 12:45:54,726 [New I/O client worker #2-1] INFO  o.e.m.c.i.e.AbstractTransferListenerAdapter - Downloading http://vmtilcara.servers.despegar.it/nexus/content/groups/proxies/org/apache/maven/plugins/maven-surefire-plugin/2.10/maven-surefire-plugin-2.10.pom
2014-03-21 12:45:54,733 [New I/O client worker #2-1] INFO  o.e.m.c.i.e.AbstractTransferListenerAdapter - Downloaded http://vmtilcara.servers.despegar.it/nexus/content/groups/proxies/org/apache/maven/plugins/maven-surefire-plugin/2.10/maven-surefire-plugin-2.10.pom
2014-03-21 12:45:54,757 [Worker-4] INFO  c.n.h.c.p.n.NettyAsyncHttpProvider - Number of application's worked threads is 8
2014-03-21 12:45:54,773 [New I/O client worker #3-1] INFO  o.e.m.c.i.e.AbstractTransferListenerAdapter - Downloading http://vmtilcara.servers.despegar.it/nexus/content/groups/proxies/org/apache/maven/surefire/surefire/2.10/surefire-2.10.pom
2014-03-21 12:45:54,787 [New I/O client worker #3-1] INFO  o.e.m.c.i.e.AbstractTransferListenerAdapter - Downloaded http://vmtilcara.servers.despegar.it/nexus/content/groups/proxies/org/apache/maven/surefire/surefire/2.10/surefire-2.10.pom
2014-03-21 12:45:54,805 [Worker-4] INFO  c.n.h.c.p.n.NettyAsyncHttpProvider - Number of application's worked threads is 8
2014-03-21 12:45:54,818 [New I/O client worker #4-1] INFO  o.e.m.c.i.e.AbstractTransferListenerAdapter - Downloading http://vmtilcara.servers.despegar.it/nexus/content/groups/proxies/org/apache/maven/maven-parent/20/maven-parent-20.pom
2014-03-21 12:45:54,837 [New I/O client worker #4-1] INFO  o.e.m.c.i.e.AbstractTransferListenerAdapter - Downloaded http://vmtilcara.servers.despegar.it/nexus/content/groups/proxies/org/apache/maven/maven-parent/20/maven-parent-20.pom
2014-03-21 12:45:54,886 [Worker-4] INFO  c.n.h.c.p.n.NettyAsyncHttpProvider - Number of application's worked threads is 8
2014-03-21 12:45:54,908 [New I/O client worker #5-1] INFO  o.e.m.c.i.e.AbstractTransferListenerAdapter - Downloading http://vmtilcara.servers.despegar.it/nexus/content/groups/proxies/org/apache/maven/plugins/maven-jar-plugin/2.3.2/maven-jar-plugin-2.3.2.pom
2014-03-21 12:45:54,908 [New I/O client worker #5-1] INFO  o.e.m.c.i.e.AbstractTransferListenerAdapter - Downloaded http://vmtilcara.servers.despegar.it/nexus/content/groups/proxies/org/apache/maven/plugins/maven-jar-plugin/2.3.2/maven-jar-plugin-2.3.2.pom
2014-03-21 12:45:54,925 [Worker-4] INFO  c.n.h.c.p.n.NettyAsyncHttpProvider - Number of application's worked threads is 8
2014-03-21 12:45:54,940 [New I/O client worker #6-1] INFO  o.e.m.c.i.e.AbstractTransferListenerAdapter - Downloading http://vmtilcara.servers.despegar.it/nexus/content/groups/proxies/org/apache/maven/plugins/maven-plugins/21/maven-plugins-21.pom
2014-03-21 12:45:54,951 [New I/O client worker #6-1] INFO  o.e.m.c.i.e.AbstractTransferListenerAdapter - Downloaded http://vmtilcara.servers.despegar.it/nexus/content/groups/proxies/org/apache/maven/plugins/maven-plugins/21/maven-plugins-21.pom
2014-03-21 12:45:55,116 [Worker-4] INFO  o.e.m.j.i.AbstractJavaProjectConfigurator - Adding source folder /minesweeper/src/main/java
2014-03-21 12:45:55,117 [Worker-4] INFO  o.e.m.j.i.AbstractJavaProjectConfigurator - Adding resource folder /minesweeper/src/main/resources
2014-03-21 12:45:55,118 [Worker-4] INFO  o.e.m.j.i.AbstractJavaProjectConfigurator - Adding source folder /minesweeper/src/test/java
2014-03-21 12:45:55,119 [Worker-4] INFO  o.e.m.j.i.AbstractJavaProjectConfigurator - Adding resource folder /minesweeper/src/test/resources
2014-03-21 12:45:55,593 [Worker-4] INFO  o.e.m.c.i.p.ProjectConfigurationManager - Update completed: 1 sec
2014-03-21 12:45:55,914 [Worker-1] INFO  o.e.m.c.i.l.LifecycleMappingFactory - Using org.eclipse.m2e.jdt.JarLifecycleMapping lifecycle mapping for MavenProject: com.despegar.finalproyect:minesweeper:0.0.1-SNAPSHOT @ C:\Jovenes Alto Vuelo\minesweeper\pom.xml.
2014-03-21 12:45:56,474 [Worker-1] WARN  o.e.m.c.i.embedder.EclipseLogger - Using platform encoding (Cp1252 actually) to copy filtered resources, i.e. build is platform dependent!
2014-03-21 12:45:56,477 [Worker-1] INFO  o.e.m.c.i.embedder.EclipseLogger - Copying 0 resource
2014-03-21 12:45:56,480 [Worker-1] WARN  o.e.m.c.i.embedder.EclipseLogger - Using platform encoding (Cp1252 actually) to copy filtered resources, i.e. build is platform dependent!
2014-03-21 12:45:56,481 [Worker-1] INFO  o.e.m.c.i.embedder.EclipseLogger - Copying 0 resource
2014-03-21 12:49:01,230 [main] INFO  o.e.m2e.actions.ExecutePomAction - Using existing launch configuration
2014-03-21 12:49:01,257 [Worker-3] INFO  o.e.m.i.launch.MavenLaunchDelegate - C:\Jovenes Alto Vuelo\minesweeper
2014-03-21 12:49:01,258 [Worker-3] INFO  o.e.m.i.launch.MavenLaunchDelegate -  mvn  -B -s C:\Users\admindesp\.m2\settings.xml compile
2014-03-21 12:49:14,560 [main] INFO  o.e.m2e.actions.ExecutePomAction - Using existing launch configuration
2014-03-21 12:49:14,579 [Worker-4] INFO  o.e.m.i.launch.MavenLaunchDelegate - C:\Jovenes Alto Vuelo\minesweeper
2014-03-21 12:49:14,579 [Worker-4] INFO  o.e.m.i.launch.MavenLaunchDelegate -  mvn  -B -s C:\Users\admindesp\.m2\settings.xml compile
2014-03-21 12:49:23,450 [Worker-4] INFO  o.e.m.c.i.p.ProjectConfigurationManager - Update started
2014-03-21 12:49:23,482 [Worker-4] INFO  c.n.h.c.p.n.NettyAsyncHttpProvider - Number of application's worked threads is 8
2014-03-21 12:49:23,501 [New I/O client worker #7-1] INFO  o.e.m.c.i.e.AbstractTransferListenerAdapter - Downloading http://vmtilcara.servers.despegar.it/nexus/content/groups/proxies/org/apache/maven/plugins/maven-surefire-plugin/2.10/maven-surefire-plugin-2.10.jar
2014-03-21 12:49:23,517 [New I/O client worker #7-1] INFO  o.e.m.c.i.e.AbstractTransferListenerAdapter - Downloaded http://vmtilcara.servers.despegar.it/nexus/content/groups/proxies/org/apache/maven/plugins/maven-surefire-plugin/2.10/maven-surefire-plugin-2.10.jar
2014-03-21 12:49:23,633 [Worker-4] INFO  o.e.m.c.i.l.LifecycleMappingFactory - Using org.eclipse.m2e.jdt.JarLifecycleMapping lifecycle mapping for MavenProject: com.despegar.finalproyect:minesweeper:0.0.1-SNAPSHOT @ C:\Jovenes Alto Vuelo\minesweeper\pom.xml.
2014-03-21 12:49:23,638 [Worker-4] INFO  c.n.h.c.p.n.NettyAsyncHttpProvider - Number of application's worked threads is 8
2014-03-21 12:49:23,710 [New I/O client worker #8-1] INFO  o.e.m.c.i.e.AbstractTransferListenerAdapter - Downloading http://vmtilcara.servers.despegar.it/nexus/content/groups/proxies/org/apache/maven/plugins/maven-surefire-plugin/2.10/maven-surefire-plugin-2.10.pom
2014-03-21 12:49:23,716 [New I/O client worker #8-1] INFO  o.e.m.c.i.e.AbstractTransferListenerAdapter - Downloaded http://vmtilcara.servers.despegar.it/nexus/content/groups/proxies/org/apache/maven/plugins/maven-surefire-plugin/2.10/maven-surefire-plugin-2.10.pom
2014-03-21 12:49:23,843 [Worker-4] INFO  c.n.h.c.p.n.NettyAsyncHttpProvider - Number of application's worked threads is 8
2014-03-21 12:49:24,018 [New I/O client worker #9-1] INFO  o.e.m.c.i.e.AbstractTransferListenerAdapter - Downloading http://vmtilcara.servers.despegar.it/nexus/content/groups/proxies/org/apache/maven/maven-archiver/2.4.2/maven-archiver-2.4.2.pom
2014-03-21 12:49:24,020 [New I/O client worker #9-1] INFO  o.e.m.c.i.e.AbstractTransferListenerAdapter - Downloaded http://vmtilcara.servers.despegar.it/nexus/content/groups/proxies/org/apache/maven/maven-archiver/2.4.2/maven-archiver-2.4.2.pom
2014-03-21 12:49:24,086 [Worker-4] INFO  c.n.h.c.p.n.NettyAsyncHttpProvider - Number of application's worked threads is 8
2014-03-21 12:49:24,103 [New I/O client worker #10-1] INFO  o.e.m.c.i.e.AbstractTransferListenerAdapter - Downloading http://vmtilcara.servers.despegar.it/nexus/content/groups/proxies/org/codehaus/plexus/plexus-archiver/2.0.1/plexus-archiver-2.0.1.pom
2014-03-21 12:49:24,104 [New I/O client worker #10-1] INFO  o.e.m.c.i.e.AbstractTransferListenerAdapter - Downloaded http://vmtilcara.servers.despegar.it/nexus/content/groups/proxies/org/codehaus/plexus/plexus-archiver/2.0.1/plexus-archiver-2.0.1.pom
2014-03-21 12:49:24,123 [Worker-4] INFO  c.n.h.c.p.n.NettyAsyncHttpProvider - Number of application's worked threads is 8
2014-03-21 12:49:24,225 [New I/O client worker #11-1] INFO  o.e.m.c.i.e.AbstractTransferListenerAdapter - Downloading http://vmtilcara.servers.despegar.it/nexus/content/groups/proxies/org/sonatype/spice/spice-parent/17/spice-parent-17.pom
2014-03-21 12:49:24,226 [New I/O client worker #11-1] INFO  o.e.m.c.i.e.AbstractTransferListenerAdapter - Downloaded http://vmtilcara.servers.despegar.it/nexus/content/groups/proxies/org/sonatype/spice/spice-parent/17/spice-parent-17.pom
2014-03-21 12:49:24,251 [Worker-4] INFO  c.n.h.c.p.n.NettyAsyncHttpProvider - Number of application's worked threads is 8
2014-03-21 12:49:24,267 [New I/O client worker #12-1] INFO  o.e.m.c.i.e.AbstractTransferListenerAdapter - Downloading http://vmtilcara.servers.despegar.it/nexus/content/groups/proxies/org/sonatype/forge/forge-parent/10/forge-parent-10.pom
2014-03-21 12:49:24,274 [New I/O client worker #12-1] INFO  o.e.m.c.i.e.AbstractTransferListenerAdapter - Downloaded http://vmtilcara.servers.despegar.it/nexus/content/groups/proxies/org/sonatype/forge/forge-parent/10/forge-parent-10.pom
2014-03-21 12:49:24,292 [Worker-4] INFO  c.n.h.c.p.n.NettyAsyncHttpProvider - Number of application's worked threads is 8
2014-03-21 12:49:24,305 [New I/O client worker #13-1] INFO  o.e.m.c.i.e.AbstractTransferListenerAdapter - Downloading http://vmtilcara.servers.despegar.it/nexus/content/groups/proxies/org/codehaus/plexus/plexus-utils/3.0/plexus-utils-3.0.pom
2014-03-21 12:49:24,306 [New I/O client worker #13-1] INFO  o.e.m.c.i.e.AbstractTransferListenerAdapter - Downloaded http://vmtilcara.servers.despegar.it/nexus/content/groups/proxies/org/codehaus/plexus/plexus-utils/3.0/plexus-utils-3.0.pom
2014-03-21 12:49:24,321 [Worker-4] INFO  c.n.h.c.p.n.NettyAsyncHttpProvider - Number of application's worked threads is 8
2014-03-21 12:49:24,331 [New I/O client worker #14-1] INFO  o.e.m.c.i.e.AbstractTransferListenerAdapter - Downloading http://vmtilcara.servers.despegar.it/nexus/content/groups/proxies/org/sonatype/spice/spice-parent/16/spice-parent-16.pom
2014-03-21 12:49:24,336 [New I/O client worker #14-1] INFO  o.e.m.c.i.e.AbstractTransferListenerAdapter - Downloaded http://vmtilcara.servers.despegar.it/nexus/content/groups/proxies/org/sonatype/spice/spice-parent/16/spice-parent-16.pom
2014-03-21 12:49:24,490 [Worker-4] INFO  c.n.h.c.p.n.NettyAsyncHttpProvider - Number of application's worked threads is 8
2014-03-21 12:49:24,548 [New I/O client worker #15-1] INFO  o.e.m.c.i.e.AbstractTransferListenerAdapter - Downloading http://vmtilcara.servers.despegar.it/nexus/content/groups/proxies/org/codehaus/plexus/plexus-io/2.0.1/plexus-io-2.0.1.pom
2014-03-21 12:49:24,549 [New I/O client worker #15-1] INFO  o.e.m.c.i.e.AbstractTransferListenerAdapter - Downloaded http://vmtilcara.servers.despegar.it/nexus/content/groups/proxies/org/codehaus/plexus/plexus-io/2.0.1/plexus-io-2.0.1.pom
2014-03-21 12:49:24,564 [Worker-4] INFO  c.n.h.c.p.n.NettyAsyncHttpProvider - Number of application's worked threads is 8
2014-03-21 12:49:24,577 [New I/O client worker #16-1] INFO  o.e.m.c.i.e.AbstractTransferListenerAdapter - Downloading http://vmtilcara.servers.despegar.it/nexus/content/groups/proxies/org/codehaus/plexus/plexus-components/1.1.19/plexus-components-1.1.19.pom
2014-03-21 12:49:24,577 [New I/O client worker #16-1] INFO  o.e.m.c.i.e.AbstractTransferListenerAdapter - Downloaded http://vmtilcara.servers.despegar.it/nexus/content/groups/proxies/org/codehaus/plexus/plexus-components/1.1.19/plexus-components-1.1.19.pom
2014-03-21 12:49:24,592 [Worker-4] INFO  c.n.h.c.p.n.NettyAsyncHttpProvider - Number of application's worked threads is 8
2014-03-21 12:49:24,603 [New I/O client worker #17-1] INFO  o.e.m.c.i.e.AbstractTransferListenerAdapter - Downloading http://vmtilcara.servers.despegar.it/nexus/content/groups/proxies/org/codehaus/plexus/plexus/3.0.1/plexus-3.0.1.pom
2014-03-21 12:49:24,614 [New I/O client worker #17-1] INFO  o.e.m.c.i.e.AbstractTransferListenerAdapter - Downloaded http://vmtilcara.servers.despegar.it/nexus/content/groups/proxies/org/codehaus/plexus/plexus/3.0.1/plexus-3.0.1.pom
2014-03-21 12:49:24,662 [Worker-4] INFO  c.n.h.c.p.n.NettyAsyncHttpProvider - Number of application's worked threads is 8
2014-03-21 12:49:24,695 [New I/O client worker #18-1] INFO  o.e.m.c.i.e.AbstractTransferListenerAdapter - Downloading http://vmtilcara.servers.despegar.it/nexus/content/groups/proxies/org/apache/maven/maven-archiver/2.4.2/maven-archiver-2.4.2.jar
2014-03-21 12:49:24,698 [New I/O client worker #18-2] INFO  o.e.m.c.i.e.AbstractTransferListenerAdapter - Downloading http://vmtilcara.servers.despegar.it/nexus/content/groups/proxies/org/codehaus/plexus/plexus-archiver/2.0.1/plexus-archiver-2.0.1.jar
2014-03-21 12:49:24,702 [New I/O client worker #18-4] INFO  o.e.m.c.i.e.AbstractTransferListenerAdapter - Downloading http://vmtilcara.servers.despegar.it/nexus/content/groups/proxies/org/codehaus/plexus/plexus-utils/3.0/plexus-utils-3.0.jar
2014-03-21 12:49:24,702 [New I/O client worker #18-3] INFO  o.e.m.c.i.e.AbstractTransferListenerAdapter - Downloading http://vmtilcara.servers.despegar.it/nexus/content/groups/proxies/org/codehaus/plexus/plexus-io/2.0.1/plexus-io-2.0.1.jar
2014-03-21 12:49:24,711 [New I/O client worker #18-1] INFO  o.e.m.c.i.e.AbstractTransferListenerAdapter - Downloaded http://vmtilcara.servers.despegar.it/nexus/content/groups/proxies/org/apache/maven/maven-archiver/2.4.2/maven-archiver-2.4.2.jar
2014-03-21 12:49:24,995 [New I/O client worker #18-3] INFO  o.e.m.c.i.e.AbstractTransferListenerAdapter - Downloaded http://vmtilcara.servers.despegar.it/nexus/content/groups/proxies/org/codehaus/plexus/plexus-io/2.0.1/plexus-io-2.0.1.jar
2014-03-21 12:49:25,248 [New I/O client worker #18-2] INFO  o.e.m.c.i.e.AbstractTransferListenerAdapter - Downloaded http://vmtilcara.servers.despegar.it/nexus/content/groups/proxies/org/codehaus/plexus/plexus-archiver/2.0.1/plexus-archiver-2.0.1.jar
2014-03-21 12:49:25,511 [New I/O client worker #18-4] INFO  o.e.m.c.i.e.AbstractTransferListenerAdapter - Downloaded http://vmtilcara.servers.despegar.it/nexus/content/groups/proxies/org/codehaus/plexus/plexus-utils/3.0/plexus-utils-3.0.jar
2014-03-21 12:49:26,296 [Worker-4] INFO  o.e.m.j.i.AbstractJavaProjectConfigurator - Adding source folder /minesweeper/src/main/java
2014-03-21 12:49:26,296 [Worker-4] INFO  o.e.m.j.i.AbstractJavaProjectConfigurator - Adding resource folder /minesweeper/src/main/resources
2014-03-21 12:49:26,297 [Worker-4] INFO  o.e.m.j.i.AbstractJavaProjectConfigurator - Adding source folder /minesweeper/src/test/java
2014-03-21 12:49:26,297 [Worker-4] INFO  o.e.m.j.i.AbstractJavaProjectConfigurator - Adding resource folder /minesweeper/src/test/resources
2014-03-21 12:49:26,360 [Worker-4] INFO  o.e.m.c.i.p.ProjectConfigurationManager - Update completed: 2 sec
2014-03-21 12:49:26,529 [Worker-1] WARN  o.e.m.c.i.embedder.EclipseLogger - Using platform encoding (Cp1252 actually) to copy filtered resources, i.e. build is platform dependent!
2014-03-21 12:49:26,531 [Worker-1] INFO  o.e.m.c.i.embedder.EclipseLogger - Copying 0 resource
2014-03-21 12:49:26,535 [Worker-1] WARN  o.e.m.c.i.embedder.EclipseLogger - Using platform encoding (Cp1252 actually) to copy filtered resources, i.e. build is platform dependent!
2014-03-21 12:49:26,537 [Worker-1] INFO  o.e.m.c.i.embedder.EclipseLogger - Copying 0 resource
2014-03-25 09:37:10,641 [Worker-1] WARN  o.e.m.c.i.embedder.EclipseLogger - Using platform encoding (Cp1252 actually) to copy filtered resources, i.e. build is platform dependent!
2014-03-25 09:37:10,684 [Worker-1] INFO  o.e.m.c.i.embedder.EclipseLogger - Copying 0 resource
2014-03-25 09:37:10,691 [Worker-1] WARN  o.e.m.c.i.embedder.EclipseLogger - Using platform encoding (Cp1252 actually) to copy filtered resources, i.e. build is platform dependent!
2014-03-25 09:37:10,692 [Worker-1] INFO  o.e.m.c.i.embedder.EclipseLogger - Copying 0 resource
2014-03-25 10:03:05,216 [Worker-9] INFO  o.e.m.c.i.l.LifecycleMappingFactory - Using org.eclipse.m2e.jdt.JarLifecycleMapping lifecycle mapping for MavenProject: com.despegar.finalproyect:minesweeper:0.0.1-SNAPSHOT @ C:\Jovenes Alto Vuelo\minesweeper\pom.xml.
2014-03-25 10:03:05,450 [Worker-9] WARN  o.e.m.c.i.embedder.EclipseLogger - Using platform encoding (Cp1252 actually) to copy filtered resources, i.e. build is platform dependent!
2014-03-25 10:03:05,452 [Worker-9] INFO  o.e.m.c.i.embedder.EclipseLogger - Copying 0 resource
2014-03-25 10:03:05,454 [Worker-9] WARN  o.e.m.c.i.embedder.EclipseLogger - Using platform encoding (Cp1252 actually) to copy filtered resources, i.e. build is platform dependent!
2014-03-25 10:03:05,455 [Worker-9] INFO  o.e.m.c.i.embedder.EclipseLogger - Copying 0 resource
2014-03-25 10:04:35,543 [Worker-10] INFO  o.e.m.c.i.l.LifecycleMappingFactory - Using org.eclipse.m2e.jdt.JarLifecycleMapping lifecycle mapping for MavenProject: com.despegar.finalproyect:minesweeper:0.0.1-SNAPSHOT @ C:\Jovenes Alto Vuelo\minesweeper\pom.xml.
2014-03-25 10:04:35,593 [Worker-10] WARN  o.e.m.c.i.embedder.EclipseLogger - Using platform encoding (Cp1252 actually) to copy filtered resources, i.e. build is platform dependent!
2014-03-25 10:04:35,594 [Worker-10] INFO  o.e.m.c.i.embedder.EclipseLogger - Copying 0 resource
2014-03-25 10:04:35,598 [Worker-10] WARN  o.e.m.c.i.embedder.EclipseLogger - Using platform encoding (Cp1252 actually) to copy filtered resources, i.e. build is platform dependent!
2014-03-25 10:04:35,599 [Worker-10] INFO  o.e.m.c.i.embedder.EclipseLogger - Copying 0 resource
2014-03-25 10:05:19,049 [Worker-12] WARN  o.e.m.c.i.embedder.EclipseLogger - Using platform encoding (Cp1252 actually) to copy filtered resources, i.e. build is platform dependent!
2014-03-25 10:05:19,052 [Worker-12] INFO  o.e.m.c.i.embedder.EclipseLogger - Copying 0 resource
2014-03-25 10:05:19,055 [Worker-12] WARN  o.e.m.c.i.embedder.EclipseLogger - Using platform encoding (Cp1252 actually) to copy filtered resources, i.e. build is platform dependent!
2014-03-25 10:05:19,058 [Worker-12] INFO  o.e.m.c.i.embedder.EclipseLogger - Copying 0 resource
2014-03-25 10:05:20,134 [Worker-7] WARN  o.e.m.c.i.embedder.EclipseLogger - Using platform encoding (Cp1252 actually) to copy filtered resources, i.e. build is platform dependent!
2014-03-25 10:05:20,136 [Worker-7] INFO  o.e.m.c.i.embedder.EclipseLogger - Copying 0 resource
2014-03-25 10:05:20,139 [Worker-7] WARN  o.e.m.c.i.embedder.EclipseLogger - Using platform encoding (Cp1252 actually) to copy filtered resources, i.e. build is platform dependent!
2014-03-25 10:05:20,141 [Worker-7] INFO  o.e.m.c.i.embedder.EclipseLogger - Copying 0 resource
2014-03-25 10:07:13,397 [Worker-0] INFO  o.e.m.c.i.l.LifecycleMappingFactory - Using org.eclipse.m2e.jdt.JarLifecycleMapping lifecycle mapping for MavenProject: com.despegar.finalproyect:minesweeper:0.0.1-SNAPSHOT @ C:\Jovenes Alto Vuelo\minesweeper\pom.xml.
2014-03-25 10:07:13,584 [Worker-0] INFO  c.n.h.c.p.n.NettyAsyncHttpProvider - Number of application's worked threads is 8
2014-03-25 10:07:14,214 [New I/O client worker #1-1] INFO  o.e.m.c.i.e.AbstractTransferListenerAdapter - Downloading http://dl.bintray.com/mchaia/maven/com/despegar/highflight/matrix-utils/0.0.1/matrix-utils-0.0.1.pom
2014-03-25 10:07:14,221 [New I/O client worker #1-1] INFO  o.e.m.c.i.e.AbstractTransferListenerAdapter - Downloaded http://dl.bintray.com/mchaia/maven/com/despegar/highflight/matrix-utils/0.0.1/matrix-utils-0.0.1.pom
2014-03-25 10:07:14,494 [Worker-0] INFO  c.n.h.c.p.n.NettyAsyncHttpProvider - Number of application's worked threads is 8
2014-03-25 10:07:14,865 [New I/O client worker #2-1] INFO  o.e.m.c.i.e.AbstractTransferListenerAdapter - Downloading http://dl.bintray.com/mchaia/maven/com/despegar/highflight/matrix-utils/0.0.1/matrix-utils-0.0.1.jar
2014-03-25 10:07:14,866 [New I/O client worker #2-1] INFO  o.e.m.c.i.e.AbstractTransferListenerAdapter - Downloaded http://dl.bintray.com/mchaia/maven/com/despegar/highflight/matrix-utils/0.0.1/matrix-utils-0.0.1.jar
2014-03-25 10:07:15,349 [Worker-0] WARN  o.e.m.c.i.embedder.EclipseLogger - Using platform encoding (Cp1252 actually) to copy filtered resources, i.e. build is platform dependent!
2014-03-25 10:07:15,350 [Worker-0] INFO  o.e.m.c.i.embedder.EclipseLogger - Copying 0 resource
2014-03-25 10:07:15,351 [Worker-0] WARN  o.e.m.c.i.embedder.EclipseLogger - Using platform encoding (Cp1252 actually) to copy filtered resources, i.e. build is platform dependent!
2014-03-25 10:07:15,352 [Worker-0] INFO  o.e.m.c.i.embedder.EclipseLogger - Copying 0 resource
2014-03-25 10:07:16,551 [Worker-9] WARN  o.e.m.c.i.embedder.EclipseLogger - Using platform encoding (Cp1252 actually) to copy filtered resources, i.e. build is platform dependent!
2014-03-25 10:07:16,552 [Worker-9] INFO  o.e.m.c.i.embedder.EclipseLogger - Copying 0 resource
2014-03-25 10:07:16,554 [Worker-9] WARN  o.e.m.c.i.embedder.EclipseLogger - Using platform encoding (Cp1252 actually) to copy filtered resources, i.e. build is platform dependent!
2014-03-25 10:07:16,554 [Worker-9] INFO  o.e.m.c.i.embedder.EclipseLogger - Copying 0 resource
2014-03-25 10:11:12,226 [Worker-0] WARN  o.e.m.c.i.embedder.EclipseLogger - Using platform encoding (Cp1252 actually) to copy filtered resources, i.e. build is platform dependent!
2014-03-25 10:11:12,229 [Worker-0] INFO  o.e.m.c.i.embedder.EclipseLogger - Copying 0 resource
2014-03-25 10:11:12,233 [Worker-0] WARN  o.e.m.c.i.embedder.EclipseLogger - Using platform encoding (Cp1252 actually) to copy filtered resources, i.e. build is platform dependent!
2014-03-25 10:11:12,238 [Worker-0] INFO  o.e.m.c.i.embedder.EclipseLogger - Copying 0 resource
2014-03-25 10:21:26,698 [Worker-16] WARN  o.e.m.c.i.embedder.EclipseLogger - Using platform encoding (Cp1252 actually) to copy filtered resources, i.e. build is platform dependent!
2014-03-25 10:21:26,699 [Worker-16] INFO  o.e.m.c.i.embedder.EclipseLogger - Copying 0 resource
2014-03-25 10:21:26,701 [Worker-16] WARN  o.e.m.c.i.embedder.EclipseLogger - Using platform encoding (Cp1252 actually) to copy filtered resources, i.e. build is platform dependent!
2014-03-25 10:21:26,705 [Worker-16] INFO  o.e.m.c.i.embedder.EclipseLogger - Copying 0 resource
2014-03-25 10:30:28,916 [Worker-14] WARN  o.e.m.c.i.embedder.EclipseLogger - Using platform encoding (Cp1252 actually) to copy filtered resources, i.e. build is platform dependent!
2014-03-25 10:30:28,920 [Worker-14] INFO  o.e.m.c.i.embedder.EclipseLogger - Copying 0 resource
2014-03-25 10:30:28,923 [Worker-14] WARN  o.e.m.c.i.embedder.EclipseLogger - Using platform encoding (Cp1252 actually) to copy filtered resources, i.e. build is platform dependent!
2014-03-25 10:30:28,927 [Worker-14] INFO  o.e.m.c.i.embedder.EclipseLogger - Copying 0 resource
2014-03-25 10:38:40,277 [Worker-19] WARN  o.e.m.c.i.embedder.EclipseLogger - Using platform encoding (Cp1252 actually) to copy filtered resources, i.e. build is platform dependent!
2014-03-25 10:38:40,279 [Worker-19] INFO  o.e.m.c.i.embedder.EclipseLogger - Copying 0 resource
2014-03-25 10:38:40,281 [Worker-19] WARN  o.e.m.c.i.embedder.EclipseLogger - Using platform encoding (Cp1252 actually) to copy filtered resources, i.e. build is platform dependent!
2014-03-25 10:38:40,293 [Worker-19] INFO  o.e.m.c.i.embedder.EclipseLogger - Copying 0 resource
2014-03-25 10:38:44,697 [Worker-20] WARN  o.e.m.c.i.embedder.EclipseLogger - Using platform encoding (Cp1252 actually) to copy filtered resources, i.e. build is platform dependent!
2014-03-25 10:38:44,699 [Worker-20] INFO  o.e.m.c.i.embedder.EclipseLogger - Copying 0 resource
2014-03-25 10:38:44,700 [Worker-20] WARN  o.e.m.c.i.embedder.EclipseLogger - Using platform encoding (Cp1252 actually) to copy filtered resources, i.e. build is platform dependent!
2014-03-25 10:38:44,701 [Worker-20] INFO  o.e.m.c.i.embedder.EclipseLogger - Copying 0 resource
2014-03-25 10:38:54,448 [Worker-18] WARN  o.e.m.c.i.embedder.EclipseLogger - Using platform encoding (Cp1252 actually) to copy filtered resources, i.e. build is platform dependent!
2014-03-25 10:38:54,461 [Worker-18] INFO  o.e.m.c.i.embedder.EclipseLogger - Copying 0 resource
2014-03-25 10:38:54,463 [Worker-18] WARN  o.e.m.c.i.embedder.EclipseLogger - Using platform encoding (Cp1252 actually) to copy filtered resources, i.e. build is platform dependent!
2014-03-25 10:38:54,475 [Worker-18] INFO  o.e.m.c.i.embedder.EclipseLogger - Copying 0 resource
2014-03-25 10:45:09,581 [Worker-19] WARN  o.e.m.c.i.embedder.EclipseLogger - Using platform encoding (Cp1252 actually) to copy filtered resources, i.e. build is platform dependent!
2014-03-25 10:45:09,583 [Worker-19] INFO  o.e.m.c.i.embedder.EclipseLogger - Copying 0 resource
2014-03-25 10:45:09,584 [Worker-19] WARN  o.e.m.c.i.embedder.EclipseLogger - Using platform encoding (Cp1252 actually) to copy filtered resources, i.e. build is platform dependent!
2014-03-25 10:45:09,585 [Worker-19] INFO  o.e.m.c.i.embedder.EclipseLogger - Copying 0 resource
2014-03-25 10:45:19,855 [Worker-23] WARN  o.e.m.c.i.embedder.EclipseLogger - Using platform encoding (Cp1252 actually) to copy filtered resources, i.e. build is platform dependent!
2014-03-25 10:45:19,856 [Worker-23] INFO  o.e.m.c.i.embedder.EclipseLogger - Copying 0 resource
2014-03-25 10:45:19,858 [Worker-23] WARN  o.e.m.c.i.embedder.EclipseLogger - Using platform encoding (Cp1252 actually) to copy filtered resources, i.e. build is platform dependent!
2014-03-25 10:45:19,859 [Worker-23] INFO  o.e.m.c.i.embedder.EclipseLogger - Copying 0 resource
2014-03-25 10:47:43,565 [Worker-22] WARN  o.e.m.c.i.embedder.EclipseLogger - Using platform encoding (Cp1252 actually) to copy filtered resources, i.e. build is platform dependent!
2014-03-25 10:47:43,566 [Worker-22] INFO  o.e.m.c.i.embedder.EclipseLogger - Copying 0 resource
2014-03-25 10:47:43,570 [Worker-22] WARN  o.e.m.c.i.embedder.EclipseLogger - Using platform encoding (Cp1252 actually) to copy filtered resources, i.e. build is platform dependent!
2014-03-25 10:47:43,573 [Worker-22] INFO  o.e.m.c.i.embedder.EclipseLogger - Copying 0 resource
2014-03-25 10:48:03,572 [Worker-22] WARN  o.e.m.c.i.embedder.EclipseLogger - Using platform encoding (Cp1252 actually) to copy filtered resources, i.e. build is platform dependent!
2014-03-25 10:48:03,574 [Worker-22] INFO  o.e.m.c.i.embedder.EclipseLogger - Copying 0 resource
2014-03-25 10:48:03,577 [Worker-22] WARN  o.e.m.c.i.embedder.EclipseLogger - Using platform encoding (Cp1252 actually) to copy filtered resources, i.e. build is platform dependent!
2014-03-25 10:48:03,586 [Worker-22] INFO  o.e.m.c.i.embedder.EclipseLogger - Copying 0 resource
2014-03-25 12:02:22,405 [Worker-29] WARN  o.e.m.c.i.embedder.EclipseLogger - Using platform encoding (Cp1252 actually) to copy filtered resources, i.e. build is platform dependent!
2014-03-25 12:02:22,408 [Worker-29] INFO  o.e.m.c.i.embedder.EclipseLogger - Copying 0 resource
2014-03-25 12:02:22,412 [Worker-29] WARN  o.e.m.c.i.embedder.EclipseLogger - Using platform encoding (Cp1252 actually) to copy filtered resources, i.e. build is platform dependent!
2014-03-25 12:02:22,420 [Worker-29] INFO  o.e.m.c.i.embedder.EclipseLogger - Copying 0 resource
2014-03-26 10:13:00,094 [Worker-6] WARN  o.e.m.c.i.embedder.EclipseLogger - Using platform encoding (Cp1252 actually) to copy filtered resources, i.e. build is platform dependent!
2014-03-26 10:13:00,118 [Worker-6] INFO  o.e.m.c.i.embedder.EclipseLogger - Copying 0 resource
2014-03-26 10:13:00,122 [Worker-6] WARN  o.e.m.c.i.embedder.EclipseLogger - Using platform encoding (Cp1252 actually) to copy filtered resources, i.e. build is platform dependent!
2014-03-26 10:13:00,123 [Worker-6] INFO  o.e.m.c.i.embedder.EclipseLogger - Copying 0 resource
2014-03-26 10:45:49,431 [Worker-7] WARN  o.e.m.c.i.embedder.EclipseLogger - Using platform encoding (Cp1252 actually) to copy filtered resources, i.e. build is platform dependent!
2014-03-26 10:45:49,454 [Worker-7] INFO  o.e.m.c.i.embedder.EclipseLogger - Copying 0 resource
2014-03-26 10:45:49,456 [Worker-7] WARN  o.e.m.c.i.embedder.EclipseLogger - Using platform encoding (Cp1252 actually) to copy filtered resources, i.e. build is platform dependent!
2014-03-26 10:45:49,459 [Worker-7] INFO  o.e.m.c.i.embedder.EclipseLogger - Copying 0 resource
2014-03-26 10:46:48,457 [Worker-11] WARN  o.e.m.c.i.embedder.EclipseLogger - Using platform encoding (Cp1252 actually) to copy filtered resources, i.e. build is platform dependent!
2014-03-26 10:46:48,458 [Worker-11] INFO  o.e.m.c.i.embedder.EclipseLogger - Copying 0 resource
2014-03-26 10:46:48,460 [Worker-11] WARN  o.e.m.c.i.embedder.EclipseLogger - Using platform encoding (Cp1252 actually) to copy filtered resources, i.e. build is platform dependent!
2014-03-26 10:46:48,537 [Worker-11] INFO  o.e.m.c.i.embedder.EclipseLogger - Copying 0 resource
2014-03-26 11:38:58,750 [Worker-12] WARN  o.e.m.c.i.embedder.EclipseLogger - Using platform encoding (Cp1252 actually) to copy filtered resources, i.e. build is platform dependent!
2014-03-26 11:38:58,753 [Worker-12] INFO  o.e.m.c.i.embedder.EclipseLogger - Copying 0 resource
2014-03-26 11:38:58,754 [Worker-12] WARN  o.e.m.c.i.embedder.EclipseLogger - Using platform encoding (Cp1252 actually) to copy filtered resources, i.e. build is platform dependent!
2014-03-26 11:38:58,757 [Worker-12] INFO  o.e.m.c.i.embedder.EclipseLogger - Copying 0 resource
2014-03-26 11:39:03,166 [Worker-12] WARN  o.e.m.c.i.embedder.EclipseLogger - Using platform encoding (Cp1252 actually) to copy filtered resources, i.e. build is platform dependent!
2014-03-26 11:39:03,167 [Worker-12] INFO  o.e.m.c.i.embedder.EclipseLogger - Copying 0 resource
2014-03-26 11:39:03,169 [Worker-12] WARN  o.e.m.c.i.embedder.EclipseLogger - Using platform encoding (Cp1252 actually) to copy filtered resources, i.e. build is platform dependent!
2014-03-26 11:39:03,170 [Worker-12] INFO  o.e.m.c.i.embedder.EclipseLogger - Copying 0 resource
2014-03-26 11:59:54,377 [Worker-13] WARN  o.e.m.c.i.embedder.EclipseLogger - Using platform encoding (Cp1252 actually) to copy filtered resources, i.e. build is platform dependent!
2014-03-26 11:59:54,378 [Worker-13] INFO  o.e.m.c.i.embedder.EclipseLogger - Copying 0 resource
2014-03-26 11:59:54,380 [Worker-13] WARN  o.e.m.c.i.embedder.EclipseLogger - Using platform encoding (Cp1252 actually) to copy filtered resources, i.e. build is platform dependent!
2014-03-26 11:59:54,382 [Worker-13] INFO  o.e.m.c.i.embedder.EclipseLogger - Copying 0 resource
2014-03-26 13:03:57,210 [Worker-34] WARN  o.e.m.c.i.embedder.EclipseLogger - Using platform encoding (Cp1252 actually) to copy filtered resources, i.e. build is platform dependent!
2014-03-26 13:03:57,212 [Worker-34] INFO  o.e.m.c.i.embedder.EclipseLogger - Copying 0 resource
2014-03-26 13:03:57,214 [Worker-34] WARN  o.e.m.c.i.embedder.EclipseLogger - Using platform encoding (Cp1252 actually) to copy filtered resources, i.e. build is platform dependent!
2014-03-26 13:03:57,217 [Worker-34] INFO  o.e.m.c.i.embedder.EclipseLogger - Copying 0 resource
2014-03-26 14:05:48,078 [Worker-44] WARN  o.e.m.c.i.embedder.EclipseLogger - Using platform encoding (Cp1252 actually) to copy filtered resources, i.e. build is platform dependent!
2014-03-26 14:05:48,080 [Worker-44] INFO  o.e.m.c.i.embedder.EclipseLogger - Copying 0 resource
2014-03-26 14:05:48,083 [Worker-44] WARN  o.e.m.c.i.embedder.EclipseLogger - Using platform encoding (Cp1252 actually) to copy filtered resources, i.e. build is platform dependent!
2014-03-26 14:05:48,088 [Worker-44] INFO  o.e.m.c.i.embedder.EclipseLogger - Copying 0 resource
2014-03-26 14:08:48,621 [Worker-31] WARN  o.e.m.c.i.embedder.EclipseLogger - Using platform encoding (Cp1252 actually) to copy filtered resources, i.e. build is platform dependent!
2014-03-26 14:08:48,623 [Worker-31] INFO  o.e.m.c.i.embedder.EclipseLogger - Copying 0 resource
2014-03-26 14:08:48,626 [Worker-31] WARN  o.e.m.c.i.embedder.EclipseLogger - Using platform encoding (Cp1252 actually) to copy filtered resources, i.e. build is platform dependent!
2014-03-26 14:08:48,628 [Worker-31] INFO  o.e.m.c.i.embedder.EclipseLogger - Copying 0 resource
2014-03-26 14:16:27,353 [Worker-44] WARN  o.e.m.c.i.embedder.EclipseLogger - Using platform encoding (Cp1252 actually) to copy filtered resources, i.e. build is platform dependent!
2014-03-26 14:16:27,355 [Worker-44] INFO  o.e.m.c.i.embedder.EclipseLogger - Copying 0 resource
2014-03-26 14:16:27,356 [Worker-44] WARN  o.e.m.c.i.embedder.EclipseLogger - Using platform encoding (Cp1252 actually) to copy filtered resources, i.e. build is platform dependent!
2014-03-26 14:16:27,359 [Worker-44] INFO  o.e.m.c.i.embedder.EclipseLogger - Copying 0 resource
2014-03-26 14:26:51,317 [Worker-50] WARN  o.e.m.c.i.embedder.EclipseLogger - Using platform encoding (Cp1252 actually) to copy filtered resources, i.e. build is platform dependent!
2014-03-26 14:26:51,318 [Worker-50] INFO  o.e.m.c.i.embedder.EclipseLogger - Copying 0 resource
2014-03-26 14:26:51,320 [Worker-50] WARN  o.e.m.c.i.embedder.EclipseLogger - Using platform encoding (Cp1252 actually) to copy filtered resources, i.e. build is platform dependent!
2014-03-26 14:26:51,322 [Worker-50] INFO  o.e.m.c.i.embedder.EclipseLogger - Copying 0 resource
2014-03-26 14:31:06,498 [Worker-44] WARN  o.e.m.c.i.embedder.EclipseLogger - Using platform encoding (Cp1252 actually) to copy filtered resources, i.e. build is platform dependent!
2014-03-26 14:31:06,499 [Worker-44] INFO  o.e.m.c.i.embedder.EclipseLogger - Copying 0 resource
2014-03-26 14:31:06,501 [Worker-44] WARN  o.e.m.c.i.embedder.EclipseLogger - Using platform encoding (Cp1252 actually) to copy filtered resources, i.e. build is platform dependent!
2014-03-26 14:31:06,504 [Worker-44] INFO  o.e.m.c.i.embedder.EclipseLogger - Copying 0 resource
2014-03-26 14:33:00,213 [Worker-51] WARN  o.e.m.c.i.embedder.EclipseLogger - Using platform encoding (Cp1252 actually) to copy filtered resources, i.e. build is platform dependent!
2014-03-26 14:33:00,216 [Worker-51] INFO  o.e.m.c.i.embedder.EclipseLogger - Copying 0 resource
2014-03-26 14:33:00,218 [Worker-51] WARN  o.e.m.c.i.embedder.EclipseLogger - Using platform encoding (Cp1252 actually) to copy filtered resources, i.e. build is platform dependent!
2014-03-26 14:33:00,221 [Worker-51] INFO  o.e.m.c.i.embedder.EclipseLogger - Copying 0 resource
2014-03-26 14:59:24,877 [Worker-57] WARN  o.e.m.c.i.embedder.EclipseLogger - Using platform encoding (Cp1252 actually) to copy filtered resources, i.e. build is platform dependent!
2014-03-26 14:59:24,881 [Worker-57] INFO  o.e.m.c.i.embedder.EclipseLogger - Copying 0 resource
2014-03-26 14:59:24,882 [Worker-57] WARN  o.e.m.c.i.embedder.EclipseLogger - Using platform encoding (Cp1252 actually) to copy filtered resources, i.e. build is platform dependent!
2014-03-26 14:59:24,885 [Worker-57] INFO  o.e.m.c.i.embedder.EclipseLogger - Copying 0 resource
2014-03-26 15:11:46,510 [Worker-55] WARN  o.e.m.c.i.embedder.EclipseLogger - Using platform encoding (Cp1252 actually) to copy filtered resources, i.e. build is platform dependent!
2014-03-26 15:11:46,512 [Worker-55] INFO  o.e.m.c.i.embedder.EclipseLogger - Copying 0 resource
2014-03-26 15:11:46,514 [Worker-55] WARN  o.e.m.c.i.embedder.EclipseLogger - Using platform encoding (Cp1252 actually) to copy filtered resources, i.e. build is platform dependent!
2014-03-26 15:11:46,516 [Worker-55] INFO  o.e.m.c.i.embedder.EclipseLogger - Copying 0 resource
2014-03-26 15:23:14,490 [Worker-63] WARN  o.e.m.c.i.embedder.EclipseLogger - Using platform encoding (Cp1252 actually) to copy filtered resources, i.e. build is platform dependent!
2014-03-26 15:23:14,493 [Worker-63] INFO  o.e.m.c.i.embedder.EclipseLogger - Copying 0 resource
2014-03-26 15:23:14,498 [Worker-63] WARN  o.e.m.c.i.embedder.EclipseLogger - Using platform encoding (Cp1252 actually) to copy filtered resources, i.e. build is platform dependent!
2014-03-26 15:23:14,501 [Worker-63] INFO  o.e.m.c.i.embedder.EclipseLogger - Copying 0 resource
2014-03-26 15:35:50,194 [Worker-66] WARN  o.e.m.c.i.embedder.EclipseLogger - Using platform encoding (Cp1252 actually) to copy filtered resources, i.e. build is platform dependent!
2014-03-26 15:35:50,196 [Worker-66] INFO  o.e.m.c.i.embedder.EclipseLogger - Copying 0 resource
2014-03-26 15:35:50,197 [Worker-66] WARN  o.e.m.c.i.embedder.EclipseLogger - Using platform encoding (Cp1252 actually) to copy filtered resources, i.e. build is platform dependent!
2014-03-26 15:35:50,200 [Worker-66] INFO  o.e.m.c.i.embedder.EclipseLogger - Copying 0 resource
2014-03-26 15:42:00,829 [Worker-55] WARN  o.e.m.c.i.embedder.EclipseLogger - Using platform encoding (Cp1252 actually) to copy filtered resources, i.e. build is platform dependent!
2014-03-26 15:42:00,830 [Worker-55] INFO  o.e.m.c.i.embedder.EclipseLogger - Copying 0 resource
2014-03-26 15:42:00,831 [Worker-55] WARN  o.e.m.c.i.embedder.EclipseLogger - Using platform encoding (Cp1252 actually) to copy filtered resources, i.e. build is platform dependent!
2014-03-26 15:42:00,832 [Worker-55] INFO  o.e.m.c.i.embedder.EclipseLogger - Copying 0 resource
2014-03-26 15:52:33,196 [Worker-55] WARN  o.e.m.c.i.embedder.EclipseLogger - Using platform encoding (Cp1252 actually) to copy filtered resources, i.e. build is platform dependent!
2014-03-26 15:52:33,198 [Worker-55] INFO  o.e.m.c.i.embedder.EclipseLogger - Copying 0 resource
2014-03-26 15:52:33,201 [Worker-55] WARN  o.e.m.c.i.embedder.EclipseLogger - Using platform encoding (Cp1252 actually) to copy filtered resources, i.e. build is platform dependent!
2014-03-26 15:52:33,209 [Worker-55] INFO  o.e.m.c.i.embedder.EclipseLogger - Copying 0 resource
2014-03-27 15:27:05,987 [Worker-28] WARN  o.e.m.c.i.embedder.EclipseLogger - Using platform encoding (Cp1252 actually) to copy filtered resources, i.e. build is platform dependent!
2014-03-27 15:27:05,999 [Worker-28] INFO  o.e.m.c.i.embedder.EclipseLogger - Copying 0 resource
2014-03-27 15:27:06,001 [Worker-28] WARN  o.e.m.c.i.embedder.EclipseLogger - Using platform encoding (Cp1252 actually) to copy filtered resources, i.e. build is platform dependent!
2014-03-27 15:27:06,002 [Worker-28] INFO  o.e.m.c.i.embedder.EclipseLogger - Copying 0 resource
2014-03-27 15:29:12,084 [Worker-23] WARN  o.e.m.c.i.embedder.EclipseLogger - Using platform encoding (Cp1252 actually) to copy filtered resources, i.e. build is platform dependent!
2014-03-27 15:29:12,100 [Worker-23] INFO  o.e.m.c.i.embedder.EclipseLogger - Copying 0 resource
2014-03-27 15:29:12,100 [Worker-23] WARN  o.e.m.c.i.embedder.EclipseLogger - Using platform encoding (Cp1252 actually) to copy filtered resources, i.e. build is platform dependent!
2014-03-27 15:29:12,116 [Worker-23] INFO  o.e.m.c.i.embedder.EclipseLogger - Copying 0 resource
2014-03-27 15:45:20,440 [Worker-33] WARN  o.e.m.c.i.embedder.EclipseLogger - Using platform encoding (Cp1252 actually) to copy filtered resources, i.e. build is platform dependent!
2014-03-27 15:45:20,440 [Worker-33] INFO  o.e.m.c.i.embedder.EclipseLogger - Copying 0 resource
2014-03-27 15:45:20,456 [Worker-33] WARN  o.e.m.c.i.embedder.EclipseLogger - Using platform encoding (Cp1252 actually) to copy filtered resources, i.e. build is platform dependent!
2014-03-27 15:45:20,456 [Worker-33] INFO  o.e.m.c.i.embedder.EclipseLogger - Copying 0 resource
2014-03-27 16:29:18,963 [Worker-33] WARN  o.e.m.c.i.embedder.EclipseLogger - Using platform encoding (Cp1252 actually) to copy filtered resources, i.e. build is platform dependent!
2014-03-27 16:29:18,978 [Worker-33] INFO  o.e.m.c.i.embedder.EclipseLogger - Copying 0 resource
2014-03-27 16:29:18,978 [Worker-33] WARN  o.e.m.c.i.embedder.EclipseLogger - Using platform encoding (Cp1252 actually) to copy filtered resources, i.e. build is platform dependent!
2014-03-27 16:29:18,978 [Worker-33] INFO  o.e.m.c.i.embedder.EclipseLogger - Copying 0 resource
2014-03-27 17:32:01,620 [Worker-42] WARN  o.e.m.c.i.embedder.EclipseLogger - Using platform encoding (Cp1252 actually) to copy filtered resources, i.e. build is platform dependent!
2014-03-27 17:32:01,622 [Worker-42] INFO  o.e.m.c.i.embedder.EclipseLogger - Copying 0 resource
2014-03-27 17:32:01,623 [Worker-42] WARN  o.e.m.c.i.embedder.EclipseLogger - Using platform encoding (Cp1252 actually) to copy filtered resources, i.e. build is platform dependent!
2014-03-27 17:32:01,625 [Worker-42] INFO  o.e.m.c.i.embedder.EclipseLogger - Copying 0 resource
2014-03-28 09:55:57,965 [Worker-3] WARN  o.e.m.c.i.embedder.EclipseLogger - Using platform encoding (Cp1252 actually) to copy filtered resources, i.e. build is platform dependent!
2014-03-28 09:55:57,997 [Worker-3] INFO  o.e.m.c.i.embedder.EclipseLogger - Copying 0 resource
2014-03-28 09:55:57,997 [Worker-3] WARN  o.e.m.c.i.embedder.EclipseLogger - Using platform encoding (Cp1252 actually) to copy filtered resources, i.e. build is platform dependent!
2014-03-28 09:55:57,997 [Worker-3] INFO  o.e.m.c.i.embedder.EclipseLogger - Copying 0 resource
2014-03-28 09:57:01,083 [Worker-0] WARN  o.e.m.c.i.embedder.EclipseLogger - Using platform encoding (Cp1252 actually) to copy filtered resources, i.e. build is platform dependent!
2014-03-28 09:57:01,083 [Worker-0] INFO  o.e.m.c.i.embedder.EclipseLogger - Copying 0 resource
2014-03-28 09:57:01,083 [Worker-0] WARN  o.e.m.c.i.embedder.EclipseLogger - Using platform encoding (Cp1252 actually) to copy filtered resources, i.e. build is platform dependent!
2014-03-28 09:57:01,083 [Worker-0] INFO  o.e.m.c.i.embedder.EclipseLogger - Copying 0 resource
2014-03-28 10:25:29,046 [Worker-11] WARN  o.e.m.c.i.embedder.EclipseLogger - Using platform encoding (Cp1252 actually) to copy filtered resources, i.e. build is platform dependent!
2014-03-28 10:25:29,048 [Worker-11] INFO  o.e.m.c.i.embedder.EclipseLogger - Copying 0 resource
2014-03-28 10:25:29,051 [Worker-11] WARN  o.e.m.c.i.embedder.EclipseLogger - Using platform encoding (Cp1252 actually) to copy filtered resources, i.e. build is platform dependent!
2014-03-28 10:25:29,053 [Worker-11] INFO  o.e.m.c.i.embedder.EclipseLogger - Copying 0 resource
2014-03-28 10:28:35,303 [Worker-14] WARN  o.e.m.c.i.embedder.EclipseLogger - Using platform encoding (Cp1252 actually) to copy filtered resources, i.e. build is platform dependent!
2014-03-28 10:28:35,305 [Worker-14] INFO  o.e.m.c.i.embedder.EclipseLogger - Copying 0 resource
2014-03-28 10:28:35,308 [Worker-14] WARN  o.e.m.c.i.embedder.EclipseLogger - Using platform encoding (Cp1252 actually) to copy filtered resources, i.e. build is platform dependent!
2014-03-28 10:28:35,312 [Worker-14] INFO  o.e.m.c.i.embedder.EclipseLogger - Copying 0 resource
2014-03-28 10:40:02,746 [Worker-0] WARN  o.e.m.c.i.embedder.EclipseLogger - Using platform encoding (Cp1252 actually) to copy filtered resources, i.e. build is platform dependent!
2014-03-28 10:40:02,748 [Worker-0] INFO  o.e.m.c.i.embedder.EclipseLogger - Copying 0 resource
2014-03-28 10:40:02,751 [Worker-0] WARN  o.e.m.c.i.embedder.EclipseLogger - Using platform encoding (Cp1252 actually) to copy filtered resources, i.e. build is platform dependent!
2014-03-28 10:40:02,755 [Worker-0] INFO  o.e.m.c.i.embedder.EclipseLogger - Copying 0 resource
2014-03-28 10:45:25,320 [Worker-13] WARN  o.e.m.c.i.embedder.EclipseLogger - Using platform encoding (Cp1252 actually) to copy filtered resources, i.e. build is platform dependent!
2014-03-28 10:45:25,322 [Worker-13] INFO  o.e.m.c.i.embedder.EclipseLogger - Copying 0 resource
2014-03-28 10:45:25,325 [Worker-13] WARN  o.e.m.c.i.embedder.EclipseLogger - Using platform encoding (Cp1252 actually) to copy filtered resources, i.e. build is platform dependent!
2014-03-28 10:45:25,330 [Worker-13] INFO  o.e.m.c.i.embedder.EclipseLogger - Copying 0 resource
2014-03-28 10:48:50,505 [Worker-0] WARN  o.e.m.c.i.embedder.EclipseLogger - Using platform encoding (Cp1252 actually) to copy filtered resources, i.e. build is platform dependent!
2014-03-28 10:48:50,507 [Worker-0] INFO  o.e.m.c.i.embedder.EclipseLogger - Copying 0 resource
2014-03-28 10:48:50,510 [Worker-0] WARN  o.e.m.c.i.embedder.EclipseLogger - Using platform encoding (Cp1252 actually) to copy filtered resources, i.e. build is platform dependent!
2014-03-28 10:48:50,515 [Worker-0] INFO  o.e.m.c.i.embedder.EclipseLogger - Copying 0 resource
2014-03-28 10:56:39,551 [Worker-14] WARN  o.e.m.c.i.embedder.EclipseLogger - Using platform encoding (Cp1252 actually) to copy filtered resources, i.e. build is platform dependent!
2014-03-28 10:56:39,556 [Worker-14] INFO  o.e.m.c.i.embedder.EclipseLogger - Copying 0 resource
2014-03-28 10:56:39,560 [Worker-14] WARN  o.e.m.c.i.embedder.EclipseLogger - Using platform encoding (Cp1252 actually) to copy filtered resources, i.e. build is platform dependent!
2014-03-28 10:56:39,564 [Worker-14] INFO  o.e.m.c.i.embedder.EclipseLogger - Copying 0 resource
2014-03-28 10:58:35,203 [Worker-8] WARN  o.e.m.c.i.embedder.EclipseLogger - Using platform encoding (Cp1252 actually) to copy filtered resources, i.e. build is platform dependent!
2014-03-28 10:58:35,210 [Worker-8] INFO  o.e.m.c.i.embedder.EclipseLogger - Copying 0 resource
2014-03-28 10:58:35,212 [Worker-8] WARN  o.e.m.c.i.embedder.EclipseLogger - Using platform encoding (Cp1252 actually) to copy filtered resources, i.e. build is platform dependent!
2014-03-28 10:58:35,213 [Worker-8] INFO  o.e.m.c.i.embedder.EclipseLogger - Copying 0 resource
2014-03-28 10:59:51,620 [Worker-6] WARN  o.e.m.c.i.embedder.EclipseLogger - Using platform encoding (Cp1252 actually) to copy filtered resources, i.e. build is platform dependent!
2014-03-28 10:59:51,625 [Worker-6] INFO  o.e.m.c.i.embedder.EclipseLogger - Copying 0 resource
2014-03-28 10:59:51,627 [Worker-6] WARN  o.e.m.c.i.embedder.EclipseLogger - Using platform encoding (Cp1252 actually) to copy filtered resources, i.e. build is platform dependent!
2014-03-28 10:59:51,629 [Worker-6] INFO  o.e.m.c.i.embedder.EclipseLogger - Copying 0 resource
2014-03-28 11:01:18,504 [Worker-0] WARN  o.e.m.c.i.embedder.EclipseLogger - Using platform encoding (Cp1252 actually) to copy filtered resources, i.e. build is platform dependent!
2014-03-28 11:01:18,506 [Worker-0] INFO  o.e.m.c.i.embedder.EclipseLogger - Copying 0 resource
2014-03-28 11:01:18,515 [Worker-0] WARN  o.e.m.c.i.embedder.EclipseLogger - Using platform encoding (Cp1252 actually) to copy filtered resources, i.e. build is platform dependent!
2014-03-28 11:01:18,518 [Worker-0] INFO  o.e.m.c.i.embedder.EclipseLogger - Copying 0 resource
2014-03-28 11:02:44,728 [Worker-5] WARN  o.e.m.c.i.embedder.EclipseLogger - Using platform encoding (Cp1252 actually) to copy filtered resources, i.e. build is platform dependent!
2014-03-28 11:02:44,734 [Worker-5] INFO  o.e.m.c.i.embedder.EclipseLogger - Copying 0 resource
2014-03-28 11:02:44,737 [Worker-5] WARN  o.e.m.c.i.embedder.EclipseLogger - Using platform encoding (Cp1252 actually) to copy filtered resources, i.e. build is platform dependent!
2014-03-28 11:02:44,742 [Worker-5] INFO  o.e.m.c.i.embedder.EclipseLogger - Copying 0 resource
2014-03-28 11:07:03,917 [Worker-5] WARN  o.e.m.c.i.embedder.EclipseLogger - Using platform encoding (Cp1252 actually) to copy filtered resources, i.e. build is platform dependent!
2014-03-28 11:07:03,920 [Worker-5] INFO  o.e.m.c.i.embedder.EclipseLogger - Copying 0 resource
2014-03-28 11:07:03,923 [Worker-5] WARN  o.e.m.c.i.embedder.EclipseLogger - Using platform encoding (Cp1252 actually) to copy filtered resources, i.e. build is platform dependent!
2014-03-28 11:07:03,927 [Worker-5] INFO  o.e.m.c.i.embedder.EclipseLogger - Copying 0 resource
2014-03-28 11:15:06,698 [Worker-4] WARN  o.e.m.c.i.embedder.EclipseLogger - Using platform encoding (Cp1252 actually) to copy filtered resources, i.e. build is platform dependent!
2014-03-28 11:15:06,703 [Worker-4] INFO  o.e.m.c.i.embedder.EclipseLogger - Copying 0 resource
2014-03-28 11:15:06,705 [Worker-4] WARN  o.e.m.c.i.embedder.EclipseLogger - Using platform encoding (Cp1252 actually) to copy filtered resources, i.e. build is platform dependent!
2014-03-28 11:15:06,708 [Worker-4] INFO  o.e.m.c.i.embedder.EclipseLogger - Copying 0 resource
2014-03-28 11:15:30,195 [Worker-2] WARN  o.e.m.c.i.embedder.EclipseLogger - Using platform encoding (Cp1252 actually) to copy filtered resources, i.e. build is platform dependent!
2014-03-28 11:15:30,196 [Worker-2] INFO  o.e.m.c.i.embedder.EclipseLogger - Copying 0 resource
2014-03-28 11:15:30,198 [Worker-2] WARN  o.e.m.c.i.embedder.EclipseLogger - Using platform encoding (Cp1252 actually) to copy filtered resources, i.e. build is platform dependent!
2014-03-28 11:15:30,200 [Worker-2] INFO  o.e.m.c.i.embedder.EclipseLogger - Copying 0 resource
2014-03-28 11:36:47,773 [Worker-22] WARN  o.e.m.c.i.embedder.EclipseLogger - Using platform encoding (Cp1252 actually) to copy filtered resources, i.e. build is platform dependent!
2014-03-28 11:36:47,773 [Worker-22] INFO  o.e.m.c.i.embedder.EclipseLogger - Copying 0 resource
2014-03-28 11:36:47,773 [Worker-22] WARN  o.e.m.c.i.embedder.EclipseLogger - Using platform encoding (Cp1252 actually) to copy filtered resources, i.e. build is platform dependent!
2014-03-28 11:36:47,773 [Worker-22] INFO  o.e.m.c.i.embedder.EclipseLogger - Copying 0 resource
2014-03-28 11:39:23,500 [Worker-22] WARN  o.e.m.c.i.embedder.EclipseLogger - Using platform encoding (Cp1252 actually) to copy filtered resources, i.e. build is platform dependent!
2014-03-28 11:39:23,500 [Worker-22] INFO  o.e.m.c.i.embedder.EclipseLogger - Copying 0 resource
2014-03-28 11:39:23,500 [Worker-22] WARN  o.e.m.c.i.embedder.EclipseLogger - Using platform encoding (Cp1252 actually) to copy filtered resources, i.e. build is platform dependent!
2014-03-28 11:39:23,500 [Worker-22] INFO  o.e.m.c.i.embedder.EclipseLogger - Copying 0 resource
2014-03-28 11:40:45,916 [Worker-22] WARN  o.e.m.c.i.embedder.EclipseLogger - Using platform encoding (Cp1252 actually) to copy filtered resources, i.e. build is platform dependent!
2014-03-28 11:40:45,916 [Worker-22] INFO  o.e.m.c.i.embedder.EclipseLogger - Copying 0 resource
2014-03-28 11:40:45,916 [Worker-22] WARN  o.e.m.c.i.embedder.EclipseLogger - Using platform encoding (Cp1252 actually) to copy filtered resources, i.e. build is platform dependent!
2014-03-28 11:40:45,916 [Worker-22] INFO  o.e.m.c.i.embedder.EclipseLogger - Copying 0 resource
2014-03-28 11:42:23,159 [Worker-22] WARN  o.e.m.c.i.embedder.EclipseLogger - Using platform encoding (Cp1252 actually) to copy filtered resources, i.e. build is platform dependent!
2014-03-28 11:42:23,174 [Worker-22] INFO  o.e.m.c.i.embedder.EclipseLogger - Copying 0 resource
2014-03-28 11:42:23,174 [Worker-22] WARN  o.e.m.c.i.embedder.EclipseLogger - Using platform encoding (Cp1252 actually) to copy filtered resources, i.e. build is platform dependent!
2014-03-28 11:42:23,174 [Worker-22] INFO  o.e.m.c.i.embedder.EclipseLogger - Copying 0 resource
2014-03-28 11:47:30,338 [Worker-22] WARN  o.e.m.c.i.embedder.EclipseLogger - Using platform encoding (Cp1252 actually) to copy filtered resources, i.e. build is platform dependent!
2014-03-28 11:47:30,338 [Worker-22] INFO  o.e.m.c.i.embedder.EclipseLogger - Copying 0 resource
2014-03-28 11:47:30,338 [Worker-22] WARN  o.e.m.c.i.embedder.EclipseLogger - Using platform encoding (Cp1252 actually) to copy filtered resources, i.e. build is platform dependent!
2014-03-28 11:47:30,338 [Worker-22] INFO  o.e.m.c.i.embedder.EclipseLogger - Copying 0 resource
2014-03-28 11:55:46,517 [Worker-24] WARN  o.e.m.c.i.embedder.EclipseLogger - Using platform encoding (Cp1252 actually) to copy filtered resources, i.e. build is platform dependent!
2014-03-28 11:55:46,517 [Worker-24] INFO  o.e.m.c.i.embedder.EclipseLogger - Copying 0 resource
2014-03-28 11:55:46,517 [Worker-24] WARN  o.e.m.c.i.embedder.EclipseLogger - Using platform encoding (Cp1252 actually) to copy filtered resources, i.e. build is platform dependent!
2014-03-28 11:55:46,532 [Worker-24] INFO  o.e.m.c.i.embedder.EclipseLogger - Copying 0 resource
2014-03-28 12:00:21,961 [Worker-26] WARN  o.e.m.c.i.embedder.EclipseLogger - Using platform encoding (Cp1252 actually) to copy filtered resources, i.e. build is platform dependent!
2014-03-28 12:00:21,961 [Worker-26] INFO  o.e.m.c.i.embedder.EclipseLogger - Copying 0 resource
2014-03-28 12:00:21,961 [Worker-26] WARN  o.e.m.c.i.embedder.EclipseLogger - Using platform encoding (Cp1252 actually) to copy filtered resources, i.e. build is platform dependent!
2014-03-28 12:00:21,961 [Worker-26] INFO  o.e.m.c.i.embedder.EclipseLogger - Copying 0 resource
2014-03-28 12:01:10,075 [Worker-26] WARN  o.e.m.c.i.embedder.EclipseLogger - Using platform encoding (Cp1252 actually) to copy filtered resources, i.e. build is platform dependent!
2014-03-28 12:01:10,075 [Worker-26] INFO  o.e.m.c.i.embedder.EclipseLogger - Copying 0 resource
2014-03-28 12:01:10,075 [Worker-26] WARN  o.e.m.c.i.embedder.EclipseLogger - Using platform encoding (Cp1252 actually) to copy filtered resources, i.e. build is platform dependent!
2014-03-28 12:01:10,075 [Worker-26] INFO  o.e.m.c.i.embedder.EclipseLogger - Copying 0 resource
2014-03-28 12:07:25,075 [Worker-30] WARN  o.e.m.c.i.embedder.EclipseLogger - Using platform encoding (Cp1252 actually) to copy filtered resources, i.e. build is platform dependent!
2014-03-28 12:07:25,075 [Worker-30] INFO  o.e.m.c.i.embedder.EclipseLogger - Copying 0 resource
2014-03-28 12:07:25,075 [Worker-30] WARN  o.e.m.c.i.embedder.EclipseLogger - Using platform encoding (Cp1252 actually) to copy filtered resources, i.e. build is platform dependent!
2014-03-28 12:07:25,075 [Worker-30] INFO  o.e.m.c.i.embedder.EclipseLogger - Copying 0 resource
2014-03-28 12:10:17,641 [Worker-29] WARN  o.e.m.c.i.embedder.EclipseLogger - Using platform encoding (Cp1252 actually) to copy filtered resources, i.e. build is platform dependent!
2014-03-28 12:10:17,641 [Worker-29] INFO  o.e.m.c.i.embedder.EclipseLogger - Copying 0 resource
2014-03-28 12:10:17,657 [Worker-29] WARN  o.e.m.c.i.embedder.EclipseLogger - Using platform encoding (Cp1252 actually) to copy filtered resources, i.e. build is platform dependent!
2014-03-28 12:10:17,657 [Worker-29] INFO  o.e.m.c.i.embedder.EclipseLogger - Copying 0 resource
2014-03-28 12:14:09,006 [Worker-20] WARN  o.e.m.c.i.embedder.EclipseLogger - Using platform encoding (Cp1252 actually) to copy filtered resources, i.e. build is platform dependent!
2014-03-28 12:14:09,006 [Worker-20] INFO  o.e.m.c.i.embedder.EclipseLogger - Copying 0 resource
2014-03-28 12:14:09,006 [Worker-20] WARN  o.e.m.c.i.embedder.EclipseLogger - Using platform encoding (Cp1252 actually) to copy filtered resources, i.e. build is platform dependent!
2014-03-28 12:14:09,006 [Worker-20] INFO  o.e.m.c.i.embedder.EclipseLogger - Copying 0 resource
2014-03-28 12:18:36,535 [Worker-33] WARN  o.e.m.c.i.embedder.EclipseLogger - Using platform encoding (Cp1252 actually) to copy filtered resources, i.e. build is platform dependent!
2014-03-28 12:18:36,550 [Worker-33] INFO  o.e.m.c.i.embedder.EclipseLogger - Copying 0 resource
2014-03-28 12:18:36,550 [Worker-33] WARN  o.e.m.c.i.embedder.EclipseLogger - Using platform encoding (Cp1252 actually) to copy filtered resources, i.e. build is platform dependent!
2014-03-28 12:18:36,550 [Worker-33] INFO  o.e.m.c.i.embedder.EclipseLogger - Copying 0 resource
2014-03-28 12:27:43,374 [Worker-35] WARN  o.e.m.c.i.embedder.EclipseLogger - Using platform encoding (Cp1252 actually) to copy filtered resources, i.e. build is platform dependent!
2014-03-28 12:27:43,374 [Worker-35] INFO  o.e.m.c.i.embedder.EclipseLogger - Copying 0 resource
2014-03-28 12:27:43,389 [Worker-35] WARN  o.e.m.c.i.embedder.EclipseLogger - Using platform encoding (Cp1252 actually) to copy filtered resources, i.e. build is platform dependent!
2014-03-28 12:27:43,389 [Worker-35] INFO  o.e.m.c.i.embedder.EclipseLogger - Copying 0 resource
2014-03-28 12:34:17,805 [Worker-33] WARN  o.e.m.c.i.embedder.EclipseLogger - Using platform encoding (Cp1252 actually) to copy filtered resources, i.e. build is platform dependent!
2014-03-28 12:34:17,820 [Worker-33] INFO  o.e.m.c.i.embedder.EclipseLogger - Copying 0 resource
2014-03-28 12:34:17,820 [Worker-33] WARN  o.e.m.c.i.embedder.EclipseLogger - Using platform encoding (Cp1252 actually) to copy filtered resources, i.e. build is platform dependent!
2014-03-28 12:34:17,820 [Worker-33] INFO  o.e.m.c.i.embedder.EclipseLogger - Copying 0 resource
2014-03-28 12:38:51,854 [Worker-33] WARN  o.e.m.c.i.embedder.EclipseLogger - Using platform encoding (Cp1252 actually) to copy filtered resources, i.e. build is platform dependent!
2014-03-28 12:38:51,854 [Worker-33] INFO  o.e.m.c.i.embedder.EclipseLogger - Copying 0 resource
2014-03-28 12:38:51,854 [Worker-33] WARN  o.e.m.c.i.embedder.EclipseLogger - Using platform encoding (Cp1252 actually) to copy filtered resources, i.e. build is platform dependent!
2014-03-28 12:38:51,854 [Worker-33] INFO  o.e.m.c.i.embedder.EclipseLogger - Copying 0 resource
2014-03-28 12:41:18,169 [Worker-37] WARN  o.e.m.c.i.embedder.EclipseLogger - Using platform encoding (Cp1252 actually) to copy filtered resources, i.e. build is platform dependent!
2014-03-28 12:41:18,169 [Worker-37] INFO  o.e.m.c.i.embedder.EclipseLogger - Copying 0 resource
2014-03-28 12:41:18,169 [Worker-37] WARN  o.e.m.c.i.embedder.EclipseLogger - Using platform encoding (Cp1252 actually) to copy filtered resources, i.e. build is platform dependent!
2014-03-28 12:41:18,481 [Worker-37] INFO  o.e.m.c.i.embedder.EclipseLogger - Copying 0 resource
2014-03-28 12:43:30,459 [Worker-33] WARN  o.e.m.c.i.embedder.EclipseLogger - Using platform encoding (Cp1252 actually) to copy filtered resources, i.e. build is platform dependent!
2014-03-28 12:43:30,459 [Worker-33] INFO  o.e.m.c.i.embedder.EclipseLogger - Copying 0 resource
2014-03-28 12:43:30,459 [Worker-33] WARN  o.e.m.c.i.embedder.EclipseLogger - Using platform encoding (Cp1252 actually) to copy filtered resources, i.e. build is platform dependent!
2014-03-28 12:43:30,459 [Worker-33] INFO  o.e.m.c.i.embedder.EclipseLogger - Copying 0 resource
2014-03-28 12:46:44,885 [Worker-33] WARN  o.e.m.c.i.embedder.EclipseLogger - Using platform encoding (Cp1252 actually) to copy filtered resources, i.e. build is platform dependent!
2014-03-28 12:46:44,901 [Worker-33] INFO  o.e.m.c.i.embedder.EclipseLogger - Copying 0 resource
2014-03-28 12:46:44,901 [Worker-33] WARN  o.e.m.c.i.embedder.EclipseLogger - Using platform encoding (Cp1252 actually) to copy filtered resources, i.e. build is platform dependent!
2014-03-28 12:46:44,901 [Worker-33] INFO  o.e.m.c.i.embedder.EclipseLogger - Copying 0 resource
2014-03-28 13:04:44,003 [Worker-33] WARN  o.e.m.c.i.embedder.EclipseLogger - Using platform encoding (Cp1252 actually) to copy filtered resources, i.e. build is platform dependent!
2014-03-28 13:04:44,003 [Worker-33] INFO  o.e.m.c.i.embedder.EclipseLogger - Copying 0 resource
2014-03-28 13:04:44,003 [Worker-33] WARN  o.e.m.c.i.embedder.EclipseLogger - Using platform encoding (Cp1252 actually) to copy filtered resources, i.e. build is platform dependent!
2014-03-28 13:04:44,003 [Worker-33] INFO  o.e.m.c.i.embedder.EclipseLogger - Copying 0 resource
2014-03-28 13:15:14,794 [Worker-33] WARN  o.e.m.c.i.embedder.EclipseLogger - Using platform encoding (Cp1252 actually) to copy filtered resources, i.e. build is platform dependent!
2014-03-28 13:15:14,809 [Worker-33] INFO  o.e.m.c.i.embedder.EclipseLogger - Copying 0 resource
2014-03-28 13:15:14,809 [Worker-33] WARN  o.e.m.c.i.embedder.EclipseLogger - Using platform encoding (Cp1252 actually) to copy filtered resources, i.e. build is platform dependent!
2014-03-28 13:15:14,809 [Worker-33] INFO  o.e.m.c.i.embedder.EclipseLogger - Copying 0 resource
2014-03-28 13:19:16,287 [Worker-43] WARN  o.e.m.c.i.embedder.EclipseLogger - Using platform encoding (Cp1252 actually) to copy filtered resources, i.e. build is platform dependent!
2014-03-28 13:19:16,287 [Worker-43] INFO  o.e.m.c.i.embedder.EclipseLogger - Copying 0 resource
2014-03-28 13:19:16,287 [Worker-43] WARN  o.e.m.c.i.embedder.EclipseLogger - Using platform encoding (Cp1252 actually) to copy filtered resources, i.e. build is platform dependent!
2014-03-28 13:19:16,303 [Worker-43] INFO  o.e.m.c.i.embedder.EclipseLogger - Copying 0 resource
2014-03-28 13:20:52,590 [Worker-46] WARN  o.e.m.c.i.embedder.EclipseLogger - Using platform encoding (Cp1252 actually) to copy filtered resources, i.e. build is platform dependent!
2014-03-28 13:20:52,593 [Worker-46] INFO  o.e.m.c.i.embedder.EclipseLogger - Copying 0 resource
2014-03-28 13:20:52,594 [Worker-46] WARN  o.e.m.c.i.embedder.EclipseLogger - Using platform encoding (Cp1252 actually) to copy filtered resources, i.e. build is platform dependent!
2014-03-28 13:20:52,597 [Worker-46] INFO  o.e.m.c.i.embedder.EclipseLogger - Copying 0 resource
2014-03-28 13:21:36,455 [Worker-46] WARN  o.e.m.c.i.embedder.EclipseLogger - Using platform encoding (Cp1252 actually) to copy filtered resources, i.e. build is platform dependent!
2014-03-28 13:21:36,456 [Worker-46] INFO  o.e.m.c.i.embedder.EclipseLogger - Copying 0 resource
2014-03-28 13:21:36,458 [Worker-46] WARN  o.e.m.c.i.embedder.EclipseLogger - Using platform encoding (Cp1252 actually) to copy filtered resources, i.e. build is platform dependent!
2014-03-28 13:21:36,461 [Worker-46] INFO  o.e.m.c.i.embedder.EclipseLogger - Copying 0 resource
2014-03-28 13:22:34,241 [Worker-43] WARN  o.e.m.c.i.embedder.EclipseLogger - Using platform encoding (Cp1252 actually) to copy filtered resources, i.e. build is platform dependent!
2014-03-28 13:22:34,242 [Worker-43] INFO  o.e.m.c.i.embedder.EclipseLogger - Copying 0 resource
2014-03-28 13:22:34,243 [Worker-43] WARN  o.e.m.c.i.embedder.EclipseLogger - Using platform encoding (Cp1252 actually) to copy filtered resources, i.e. build is platform dependent!
2014-03-28 13:22:34,246 [Worker-43] INFO  o.e.m.c.i.embedder.EclipseLogger - Copying 0 resource
2014-03-28 13:22:58,750 [Worker-46] WARN  o.e.m.c.i.embedder.EclipseLogger - Using platform encoding (Cp1252 actually) to copy filtered resources, i.e. build is platform dependent!
2014-03-28 13:22:58,755 [Worker-46] INFO  o.e.m.c.i.embedder.EclipseLogger - Copying 0 resource
2014-03-28 13:22:58,757 [Worker-46] WARN  o.e.m.c.i.embedder.EclipseLogger - Using platform encoding (Cp1252 actually) to copy filtered resources, i.e. build is platform dependent!
2014-03-28 13:22:58,762 [Worker-46] INFO  o.e.m.c.i.embedder.EclipseLogger - Copying 0 resource
2014-03-28 13:23:34,912 [Worker-41] WARN  o.e.m.c.i.embedder.EclipseLogger - Using platform encoding (Cp1252 actually) to copy filtered resources, i.e. build is platform dependent!
2014-03-28 13:23:34,913 [Worker-41] INFO  o.e.m.c.i.embedder.EclipseLogger - Copying 0 resource
2014-03-28 13:23:34,915 [Worker-41] WARN  o.e.m.c.i.embedder.EclipseLogger - Using platform encoding (Cp1252 actually) to copy filtered resources, i.e. build is platform dependent!
2014-03-28 13:23:34,917 [Worker-41] INFO  o.e.m.c.i.embedder.EclipseLogger - Copying 0 resource
2014-03-28 14:36:43,181 [Worker-51] WARN  o.e.m.c.i.embedder.EclipseLogger - Using platform encoding (Cp1252 actually) to copy filtered resources, i.e. build is platform dependent!
2014-03-28 14:36:43,197 [Worker-51] INFO  o.e.m.c.i.embedder.EclipseLogger - Copying 0 resource
2014-03-28 14:36:43,197 [Worker-51] WARN  o.e.m.c.i.embedder.EclipseLogger - Using platform encoding (Cp1252 actually) to copy filtered resources, i.e. build is platform dependent!
2014-03-28 14:36:43,197 [Worker-51] INFO  o.e.m.c.i.embedder.EclipseLogger - Copying 0 resource
2014-03-28 14:41:20,066 [Worker-51] WARN  o.e.m.c.i.embedder.EclipseLogger - Using platform encoding (Cp1252 actually) to copy filtered resources, i.e. build is platform dependent!
2014-03-28 14:41:20,066 [Worker-51] INFO  o.e.m.c.i.embedder.EclipseLogger - Copying 0 resource
2014-03-28 14:41:20,066 [Worker-51] WARN  o.e.m.c.i.embedder.EclipseLogger - Using platform encoding (Cp1252 actually) to copy filtered resources, i.e. build is platform dependent!
2014-03-28 14:41:20,082 [Worker-51] INFO  o.e.m.c.i.embedder.EclipseLogger - Copying 0 resource
2014-03-28 15:47:53,060 [Worker-51] WARN  o.e.m.c.i.embedder.EclipseLogger - Using platform encoding (Cp1252 actually) to copy filtered resources, i.e. build is platform dependent!
2014-03-28 15:47:53,060 [Worker-51] INFO  o.e.m.c.i.embedder.EclipseLogger - Copying 0 resource
2014-03-28 15:47:53,060 [Worker-51] WARN  o.e.m.c.i.embedder.EclipseLogger - Using platform encoding (Cp1252 actually) to copy filtered resources, i.e. build is platform dependent!
2014-03-28 15:47:53,060 [Worker-51] INFO  o.e.m.c.i.embedder.EclipseLogger - Copying 0 resource
2014-03-28 15:52:41,776 [Worker-58] WARN  o.e.m.c.i.embedder.EclipseLogger - Using platform encoding (Cp1252 actually) to copy filtered resources, i.e. build is platform dependent!
2014-03-28 15:52:41,776 [Worker-58] INFO  o.e.m.c.i.embedder.EclipseLogger - Copying 0 resource
2014-03-28 15:52:41,792 [Worker-58] WARN  o.e.m.c.i.embedder.EclipseLogger - Using platform encoding (Cp1252 actually) to copy filtered resources, i.e. build is platform dependent!
2014-03-28 15:52:41,792 [Worker-58] INFO  o.e.m.c.i.embedder.EclipseLogger - Copying 0 resource
2014-03-28 15:53:14,365 [Worker-56] WARN  o.e.m.c.i.embedder.EclipseLogger - Using platform encoding (Cp1252 actually) to copy filtered resources, i.e. build is platform dependent!
2014-03-28 15:53:14,365 [Worker-56] INFO  o.e.m.c.i.embedder.EclipseLogger - Copying 0 resource
2014-03-28 15:53:14,365 [Worker-56] WARN  o.e.m.c.i.embedder.EclipseLogger - Using platform encoding (Cp1252 actually) to copy filtered resources, i.e. build is platform dependent!
2014-03-28 15:53:14,365 [Worker-56] INFO  o.e.m.c.i.embedder.EclipseLogger - Copying 0 resource
2014-03-28 15:55:17,013 [Worker-59] WARN  o.e.m.c.i.embedder.EclipseLogger - Using platform encoding (Cp1252 actually) to copy filtered resources, i.e. build is platform dependent!
2014-03-28 15:55:17,013 [Worker-59] INFO  o.e.m.c.i.embedder.EclipseLogger - Copying 0 resource
2014-03-28 15:55:17,029 [Worker-59] WARN  o.e.m.c.i.embedder.EclipseLogger - Using platform encoding (Cp1252 actually) to copy filtered resources, i.e. build is platform dependent!
2014-03-28 15:55:17,029 [Worker-59] INFO  o.e.m.c.i.embedder.EclipseLogger - Copying 0 resource
2014-03-28 16:09:04,396 [Worker-62] WARN  o.e.m.c.i.embedder.EclipseLogger - Using platform encoding (Cp1252 actually) to copy filtered resources, i.e. build is platform dependent!
2014-03-28 16:09:04,396 [Worker-62] INFO  o.e.m.c.i.embedder.EclipseLogger - Copying 0 resource
2014-03-28 16:09:04,396 [Worker-62] WARN  o.e.m.c.i.embedder.EclipseLogger - Using platform encoding (Cp1252 actually) to copy filtered resources, i.e. build is platform dependent!
2014-03-28 16:09:04,396 [Worker-62] INFO  o.e.m.c.i.embedder.EclipseLogger - Copying 0 resource
2014-03-28 16:10:45,531 [Worker-61] WARN  o.e.m.c.i.embedder.EclipseLogger - Using platform encoding (Cp1252 actually) to copy filtered resources, i.e. build is platform dependent!
2014-03-28 16:10:45,531 [Worker-61] INFO  o.e.m.c.i.embedder.EclipseLogger - Copying 0 resource
2014-03-28 16:10:45,531 [Worker-61] WARN  o.e.m.c.i.embedder.EclipseLogger - Using platform encoding (Cp1252 actually) to copy filtered resources, i.e. build is platform dependent!
2014-03-28 16:10:45,531 [Worker-61] INFO  o.e.m.c.i.embedder.EclipseLogger - Copying 0 resource
2014-03-28 16:14:19,377 [Worker-56] WARN  o.e.m.c.i.embedder.EclipseLogger - Using platform encoding (Cp1252 actually) to copy filtered resources, i.e. build is platform dependent!
2014-03-28 16:14:19,377 [Worker-56] INFO  o.e.m.c.i.embedder.EclipseLogger - Copying 0 resource
2014-03-28 16:14:19,377 [Worker-56] WARN  o.e.m.c.i.embedder.EclipseLogger - Using platform encoding (Cp1252 actually) to copy filtered resources, i.e. build is platform dependent!
2014-03-28 16:14:19,377 [Worker-56] INFO  o.e.m.c.i.embedder.EclipseLogger - Copying 0 resource
2014-03-28 16:18:13,720 [Worker-62] WARN  o.e.m.c.i.embedder.EclipseLogger - Using platform encoding (Cp1252 actually) to copy filtered resources, i.e. build is platform dependent!
2014-03-28 16:18:13,720 [Worker-62] INFO  o.e.m.c.i.embedder.EclipseLogger - Copying 0 resource
2014-03-28 16:18:13,720 [Worker-62] WARN  o.e.m.c.i.embedder.EclipseLogger - Using platform encoding (Cp1252 actually) to copy filtered resources, i.e. build is platform dependent!
2014-03-28 16:18:13,720 [Worker-62] INFO  o.e.m.c.i.embedder.EclipseLogger - Copying 0 resource
2014-03-28 16:25:30,841 [Worker-58] WARN  o.e.m.c.i.embedder.EclipseLogger - Using platform encoding (Cp1252 actually) to copy filtered resources, i.e. build is platform dependent!
2014-03-28 16:25:30,841 [Worker-58] INFO  o.e.m.c.i.embedder.EclipseLogger - Copying 0 resource
2014-03-28 16:25:30,857 [Worker-58] WARN  o.e.m.c.i.embedder.EclipseLogger - Using platform encoding (Cp1252 actually) to copy filtered resources, i.e. build is platform dependent!
2014-03-28 16:25:30,857 [Worker-58] INFO  o.e.m.c.i.embedder.EclipseLogger - Copying 0 resource
2014-03-28 16:30:52,701 [Worker-62] WARN  o.e.m.c.i.embedder.EclipseLogger - Using platform encoding (Cp1252 actually) to copy filtered resources, i.e. build is platform dependent!
2014-03-28 16:30:52,701 [Worker-62] INFO  o.e.m.c.i.embedder.EclipseLogger - Copying 0 resource
2014-03-28 16:30:52,701 [Worker-62] WARN  o.e.m.c.i.embedder.EclipseLogger - Using platform encoding (Cp1252 actually) to copy filtered resources, i.e. build is platform dependent!
2014-03-28 16:30:52,701 [Worker-62] INFO  o.e.m.c.i.embedder.EclipseLogger - Copying 0 resource
2014-03-28 16:33:03,523 [Worker-67] WARN  o.e.m.c.i.embedder.EclipseLogger - Using platform encoding (Cp1252 actually) to copy filtered resources, i.e. build is platform dependent!
2014-03-28 16:33:03,523 [Worker-67] INFO  o.e.m.c.i.embedder.EclipseLogger - Copying 0 resource
2014-03-28 16:33:03,539 [Worker-67] WARN  o.e.m.c.i.embedder.EclipseLogger - Using platform encoding (Cp1252 actually) to copy filtered resources, i.e. build is platform dependent!
2014-03-28 16:33:03,539 [Worker-67] INFO  o.e.m.c.i.embedder.EclipseLogger - Copying 0 resource
2014-03-28 16:35:20,871 [Worker-66] WARN  o.e.m.c.i.embedder.EclipseLogger - Using platform encoding (Cp1252 actually) to copy filtered resources, i.e. build is platform dependent!
2014-03-28 16:35:20,871 [Worker-66] INFO  o.e.m.c.i.embedder.EclipseLogger - Copying 0 resource
2014-03-28 16:35:20,871 [Worker-66] WARN  o.e.m.c.i.embedder.EclipseLogger - Using platform encoding (Cp1252 actually) to copy filtered resources, i.e. build is platform dependent!
2014-03-28 16:35:20,871 [Worker-66] INFO  o.e.m.c.i.embedder.EclipseLogger - Copying 0 resource
2014-03-28 16:36:17,698 [Worker-67] WARN  o.e.m.c.i.embedder.EclipseLogger - Using platform encoding (Cp1252 actually) to copy filtered resources, i.e. build is platform dependent!
2014-03-28 16:36:17,698 [Worker-67] INFO  o.e.m.c.i.embedder.EclipseLogger - Copying 0 resource
2014-03-28 16:36:17,698 [Worker-67] WARN  o.e.m.c.i.embedder.EclipseLogger - Using platform encoding (Cp1252 actually) to copy filtered resources, i.e. build is platform dependent!
2014-03-28 16:36:17,698 [Worker-67] INFO  o.e.m.c.i.embedder.EclipseLogger - Copying 0 resource
2014-03-28 16:37:18,027 [Worker-33] WARN  o.e.m.c.i.embedder.EclipseLogger - Using platform encoding (Cp1252 actually) to copy filtered resources, i.e. build is platform dependent!
2014-03-28 16:37:18,027 [Worker-33] INFO  o.e.m.c.i.embedder.EclipseLogger - Copying 0 resource
2014-03-28 16:37:18,027 [Worker-33] WARN  o.e.m.c.i.embedder.EclipseLogger - Using platform encoding (Cp1252 actually) to copy filtered resources, i.e. build is platform dependent!
2014-03-28 16:37:18,027 [Worker-33] INFO  o.e.m.c.i.embedder.EclipseLogger - Copying 0 resource
2014-03-28 16:41:47,052 [Worker-33] WARN  o.e.m.c.i.embedder.EclipseLogger - Using platform encoding (Cp1252 actually) to copy filtered resources, i.e. build is platform dependent!
2014-03-28 16:41:47,052 [Worker-33] INFO  o.e.m.c.i.embedder.EclipseLogger - Copying 0 resource
2014-03-28 16:41:47,068 [Worker-33] WARN  o.e.m.c.i.embedder.EclipseLogger - Using platform encoding (Cp1252 actually) to copy filtered resources, i.e. build is platform dependent!
2014-03-28 16:41:47,068 [Worker-33] INFO  o.e.m.c.i.embedder.EclipseLogger - Copying 0 resource
2014-03-28 16:47:30,626 [Worker-69] WARN  o.e.m.c.i.embedder.EclipseLogger - Using platform encoding (Cp1252 actually) to copy filtered resources, i.e. build is platform dependent!
2014-03-28 16:47:30,626 [Worker-69] INFO  o.e.m.c.i.embedder.EclipseLogger - Copying 0 resource
2014-03-28 16:47:30,626 [Worker-69] WARN  o.e.m.c.i.embedder.EclipseLogger - Using platform encoding (Cp1252 actually) to copy filtered resources, i.e. build is platform dependent!
2014-03-28 16:47:30,626 [Worker-69] INFO  o.e.m.c.i.embedder.EclipseLogger - Copying 0 resource
2014-03-28 16:49:41,011 [Worker-67] WARN  o.e.m.c.i.embedder.EclipseLogger - Using platform encoding (Cp1252 actually) to copy filtered resources, i.e. build is platform dependent!
2014-03-28 16:49:41,011 [Worker-67] INFO  o.e.m.c.i.embedder.EclipseLogger - Copying 0 resource
2014-03-28 16:49:41,011 [Worker-67] WARN  o.e.m.c.i.embedder.EclipseLogger - Using platform encoding (Cp1252 actually) to copy filtered resources, i.e. build is platform dependent!
2014-03-28 16:49:41,027 [Worker-67] INFO  o.e.m.c.i.embedder.EclipseLogger - Copying 0 resource
2014-03-28 16:55:16,330 [Worker-33] WARN  o.e.m.c.i.embedder.EclipseLogger - Using platform encoding (Cp1252 actually) to copy filtered resources, i.e. build is platform dependent!
2014-03-28 16:55:16,330 [Worker-33] INFO  o.e.m.c.i.embedder.EclipseLogger - Copying 0 resource
2014-03-28 16:55:16,345 [Worker-33] WARN  o.e.m.c.i.embedder.EclipseLogger - Using platform encoding (Cp1252 actually) to copy filtered resources, i.e. build is platform dependent!
2014-03-28 16:55:16,345 [Worker-33] INFO  o.e.m.c.i.embedder.EclipseLogger - Copying 0 resource
2014-03-28 17:13:26,777 [Worker-77] WARN  o.e.m.c.i.embedder.EclipseLogger - Using platform encoding (Cp1252 actually) to copy filtered resources, i.e. build is platform dependent!
2014-03-28 17:13:26,777 [Worker-77] INFO  o.e.m.c.i.embedder.EclipseLogger - Copying 0 resource
2014-03-28 17:13:26,777 [Worker-77] WARN  o.e.m.c.i.embedder.EclipseLogger - Using platform encoding (Cp1252 actually) to copy filtered resources, i.e. build is platform dependent!
2014-03-28 17:13:26,792 [Worker-77] INFO  o.e.m.c.i.embedder.EclipseLogger - Copying 0 resource
2014-03-28 17:21:19,208 [Worker-80] WARN  o.e.m.c.i.embedder.EclipseLogger - Using platform encoding (Cp1252 actually) to copy filtered resources, i.e. build is platform dependent!
2014-03-28 17:21:19,208 [Worker-80] INFO  o.e.m.c.i.embedder.EclipseLogger - Copying 0 resource
2014-03-28 17:21:19,208 [Worker-80] WARN  o.e.m.c.i.embedder.EclipseLogger - Using platform encoding (Cp1252 actually) to copy filtered resources, i.e. build is platform dependent!
2014-03-28 17:21:19,208 [Worker-80] INFO  o.e.m.c.i.embedder.EclipseLogger - Copying 0 resource
2014-03-28 17:24:08,595 [Worker-77] WARN  o.e.m.c.i.embedder.EclipseLogger - Using platform encoding (Cp1252 actually) to copy filtered resources, i.e. build is platform dependent!
2014-03-28 17:24:08,595 [Worker-77] INFO  o.e.m.c.i.embedder.EclipseLogger - Copying 0 resource
2014-03-28 17:24:08,595 [Worker-77] WARN  o.e.m.c.i.embedder.EclipseLogger - Using platform encoding (Cp1252 actually) to copy filtered resources, i.e. build is platform dependent!
2014-03-28 17:24:08,595 [Worker-77] INFO  o.e.m.c.i.embedder.EclipseLogger - Copying 0 resource
2014-03-28 17:30:56,784 [Worker-79] WARN  o.e.m.c.i.embedder.EclipseLogger - Using platform encoding (Cp1252 actually) to copy filtered resources, i.e. build is platform dependent!
2014-03-28 17:30:56,784 [Worker-79] INFO  o.e.m.c.i.embedder.EclipseLogger - Copying 0 resource
2014-03-28 17:30:56,784 [Worker-79] WARN  o.e.m.c.i.embedder.EclipseLogger - Using platform encoding (Cp1252 actually) to copy filtered resources, i.e. build is platform dependent!
2014-03-28 17:30:56,784 [Worker-79] INFO  o.e.m.c.i.embedder.EclipseLogger - Copying 0 resource
2014-03-28 17:35:29,102 [Worker-58] WARN  o.e.m.c.i.embedder.EclipseLogger - Using platform encoding (Cp1252 actually) to copy filtered resources, i.e. build is platform dependent!
2014-03-28 17:35:29,102 [Worker-58] INFO  o.e.m.c.i.embedder.EclipseLogger - Copying 0 resource
2014-03-28 17:35:29,117 [Worker-58] WARN  o.e.m.c.i.embedder.EclipseLogger - Using platform encoding (Cp1252 actually) to copy filtered resources, i.e. build is platform dependent!
2014-03-28 17:35:29,117 [Worker-58] INFO  o.e.m.c.i.embedder.EclipseLogger - Copying 0 resource
2014-03-28 17:50:23,470 [Worker-83] WARN  o.e.m.c.i.embedder.EclipseLogger - Using platform encoding (Cp1252 actually) to copy filtered resources, i.e. build is platform dependent!
2014-03-28 17:50:23,470 [Worker-83] INFO  o.e.m.c.i.embedder.EclipseLogger - Copying 0 resource
2014-03-28 17:50:23,485 [Worker-83] WARN  o.e.m.c.i.embedder.EclipseLogger - Using platform encoding (Cp1252 actually) to copy filtered resources, i.e. build is platform dependent!
2014-03-28 17:50:23,485 [Worker-83] INFO  o.e.m.c.i.embedder.EclipseLogger - Copying 0 resource
2014-03-28 17:51:53,983 [Worker-88] WARN  o.e.m.c.i.embedder.EclipseLogger - Using platform encoding (Cp1252 actually) to copy filtered resources, i.e. build is platform dependent!
2014-03-28 17:51:53,983 [Worker-88] INFO  o.e.m.c.i.embedder.EclipseLogger - Copying 0 resource
2014-03-28 17:51:53,983 [Worker-88] WARN  o.e.m.c.i.embedder.EclipseLogger - Using platform encoding (Cp1252 actually) to copy filtered resources, i.e. build is platform dependent!
2014-03-28 17:51:53,983 [Worker-88] INFO  o.e.m.c.i.embedder.EclipseLogger - Copying 0 resource
2014-03-28 22:42:12,408 [Worker-3] WARN  o.e.m.c.i.embedder.EclipseLogger - Using platform encoding (Cp1252 actually) to copy filtered resources, i.e. build is platform dependent!
2014-03-28 22:42:12,417 [Worker-3] INFO  o.e.m.c.i.embedder.EclipseLogger - Copying 0 resource
2014-03-28 22:42:12,420 [Worker-3] WARN  o.e.m.c.i.embedder.EclipseLogger - Using platform encoding (Cp1252 actually) to copy filtered resources, i.e. build is platform dependent!
2014-03-28 22:42:12,421 [Worker-3] INFO  o.e.m.c.i.embedder.EclipseLogger - Copying 0 resource
2014-03-28 22:43:16,244 [Worker-0] WARN  o.e.m.c.i.embedder.EclipseLogger - Using platform encoding (Cp1252 actually) to copy filtered resources, i.e. build is platform dependent!
2014-03-28 22:43:16,264 [Worker-0] INFO  o.e.m.c.i.embedder.EclipseLogger - Copying 0 resource
2014-03-28 22:43:16,267 [Worker-0] WARN  o.e.m.c.i.embedder.EclipseLogger - Using platform encoding (Cp1252 actually) to copy filtered resources, i.e. build is platform dependent!
2014-03-28 22:43:16,268 [Worker-0] INFO  o.e.m.c.i.embedder.EclipseLogger - Copying 0 resource
2014-03-28 22:43:21,670 [Worker-7] INFO  o.e.m.c.i.l.LifecycleMappingFactory - Using org.eclipse.m2e.jdt.JarLifecycleMapping lifecycle mapping for MavenProject: com.despegar.finalproyect:minesweeper:0.0.1-SNAPSHOT @ C:\Users\Cordero\Desktop\Jovenes Alto Vuelo\minesweeper\pom.xml.
2014-03-28 22:43:22,024 [Worker-7] WARN  o.e.m.c.i.embedder.EclipseLogger - Using platform encoding (Cp1252 actually) to copy filtered resources, i.e. build is platform dependent!
2014-03-28 22:43:22,028 [Worker-7] INFO  o.e.m.c.i.embedder.EclipseLogger - Copying 0 resource
2014-03-28 22:43:22,031 [Worker-7] WARN  o.e.m.c.i.embedder.EclipseLogger - Using platform encoding (Cp1252 actually) to copy filtered resources, i.e. build is platform dependent!
2014-03-28 22:43:22,032 [Worker-7] INFO  o.e.m.c.i.embedder.EclipseLogger - Copying 0 resource
2014-03-28 22:43:23,521 [Worker-4] WARN  o.e.m.c.i.embedder.EclipseLogger - Using platform encoding (Cp1252 actually) to copy filtered resources, i.e. build is platform dependent!
2014-03-28 22:43:23,523 [Worker-4] INFO  o.e.m.c.i.embedder.EclipseLogger - Copying 0 resource
2014-03-28 22:43:23,525 [Worker-4] WARN  o.e.m.c.i.embedder.EclipseLogger - Using platform encoding (Cp1252 actually) to copy filtered resources, i.e. build is platform dependent!
2014-03-28 22:43:23,526 [Worker-4] INFO  o.e.m.c.i.embedder.EclipseLogger - Copying 0 resource
2014-03-28 22:43:58,319 [Worker-7] WARN  o.e.m.c.i.embedder.EclipseLogger - Using platform encoding (Cp1252 actually) to copy filtered resources, i.e. build is platform dependent!
2014-03-28 22:43:58,321 [Worker-7] INFO  o.e.m.c.i.embedder.EclipseLogger - Copying 0 resource
2014-03-28 22:43:58,323 [Worker-7] WARN  o.e.m.c.i.embedder.EclipseLogger - Using platform encoding (Cp1252 actually) to copy filtered resources, i.e. build is platform dependent!
2014-03-28 22:43:58,324 [Worker-7] INFO  o.e.m.c.i.embedder.EclipseLogger - Copying 0 resource
2014-03-28 22:44:43,087 [Worker-7] WARN  o.e.m.c.i.embedder.EclipseLogger - Using platform encoding (Cp1252 actually) to copy filtered resources, i.e. build is platform dependent!
2014-03-28 22:44:43,089 [Worker-7] INFO  o.e.m.c.i.embedder.EclipseLogger - Copying 0 resource
2014-03-28 22:44:43,091 [Worker-7] WARN  o.e.m.c.i.embedder.EclipseLogger - Using platform encoding (Cp1252 actually) to copy filtered resources, i.e. build is platform dependent!
2014-03-28 22:44:43,092 [Worker-7] INFO  o.e.m.c.i.embedder.EclipseLogger - Copying 0 resource
2014-03-28 22:49:12,068 [Worker-5] WARN  o.e.m.c.i.embedder.EclipseLogger - Using platform encoding (Cp1252 actually) to copy filtered resources, i.e. build is platform dependent!
2014-03-28 22:49:12,081 [Worker-5] INFO  o.e.m.c.i.embedder.EclipseLogger - Copying 0 resource
2014-03-28 22:49:12,083 [Worker-5] WARN  o.e.m.c.i.embedder.EclipseLogger - Using platform encoding (Cp1252 actually) to copy filtered resources, i.e. build is platform dependent!
2014-03-28 22:49:12,085 [Worker-5] INFO  o.e.m.c.i.embedder.EclipseLogger - Copying 0 resource
